TN:
SF:/Users/kristianmandrup/repos/tecla5/red-ui/packages/red-shared/index.ts
FNF:0
FNH:0
DA:2,1
DA:3,1
DA:4,1
DA:5,1
DA:6,1
DA:7,1
DA:8,1
DA:9,1
DA:10,1
DA:11,1
DA:12,1
DA:13,1
DA:14,1
DA:15,1
DA:16,1
DA:17,1
DA:18,1
DA:19,1
DA:20,1
DA:21,1
DA:22,1
DA:23,1
DA:24,1
LF:23
LH:23
BRF:0
BRH:0
end_of_record
TN:
SF:/Users/kristianmandrup/repos/tecla5/red-ui/packages/red-shared/src/comms.ts
FN:28,(anonymous_0)
FN:37,(anonymous_1)
FN:56,completeConnection
FN:66,(anonymous_3)
FN:69,(anonymous_4)
FN:83,(anonymous_5)
FN:95,(anonymous_6)
FN:116,(anonymous_7)
FN:136,(anonymous_8)
FN:148,(anonymous_9)
FN:159,(anonymous_10)
FN:172,(anonymous_11)
FNF:12
FNH:3
FNDA:5,(anonymous_0)
FNDA:2,(anonymous_1)
FNDA:0,completeConnection
FNDA:0,(anonymous_3)
FNDA:0,(anonymous_4)
FNDA:0,(anonymous_5)
FNDA:0,(anonymous_6)
FNDA:0,(anonymous_7)
FNDA:0,(anonymous_8)
FNDA:0,(anonymous_9)
FNDA:2,(anonymous_10)
FNDA:0,(anonymous_11)
DA:2,1
DA:18,1
DA:20,1
DA:29,5
DA:30,5
DA:31,5
DA:33,5
DA:34,5
DA:35,5
DA:38,2
DA:39,2
DA:42,2
DA:44,2
DA:45,2
DA:46,2
DA:47,2
DA:48,0
DA:50,2
DA:51,2
DA:52,2
DA:53,2
DA:54,2
DA:55,2
DA:57,0
DA:58,0
DA:59,0
DA:65,2
DA:66,2
DA:67,0
DA:68,0
DA:69,0
DA:70,0
DA:71,0
DA:74,0
DA:75,0
DA:80,0
DA:83,2
DA:84,0
DA:85,0
DA:86,0
DA:87,0
DA:88,0
DA:90,0
DA:92,0
DA:93,0
DA:96,0
DA:100,0
DA:101,0
DA:102,0
DA:103,0
DA:104,0
DA:105,0
DA:106,0
DA:107,0
DA:108,0
DA:116,2
DA:117,0
DA:118,0
DA:120,0
DA:121,0
DA:122,0
DA:124,0
DA:125,0
DA:126,0
DA:127,0
DA:128,0
DA:131,0
DA:132,0
DA:135,0
DA:136,0
DA:137,0
DA:138,0
DA:139,0
DA:140,0
DA:141,0
DA:144,0
DA:147,0
DA:148,0
DA:149,0
DA:150,0
DA:151,0
DA:152,0
DA:160,2
DA:161,2
DA:162,2
DA:163,0
DA:165,2
DA:166,0
DA:167,0
DA:173,0
DA:174,0
DA:175,0
DA:176,0
DA:177,0
DA:178,0
DA:179,0
DA:182,0
DA:183,0
DA:188,1
LF:99
LH:31
BRDA:44,0,0,2
BRDA:44,0,1,2
BRDA:47,1,0,0
BRDA:47,1,1,2
BRDA:51,2,0,0
BRDA:51,2,1,2
BRDA:52,3,0,0
BRDA:52,3,1,2
BRDA:58,4,0,0
BRDA:58,4,1,0
BRDA:68,5,0,0
BRDA:68,5,1,0
BRDA:74,6,0,0
BRDA:74,6,1,0
BRDA:85,7,0,0
BRDA:85,7,1,0
BRDA:85,8,0,0
BRDA:85,8,1,0
BRDA:86,9,0,0
BRDA:86,9,1,0
BRDA:90,10,0,0
BRDA:90,10,1,0
BRDA:100,11,0,0
BRDA:100,11,1,0
BRDA:102,12,0,0
BRDA:102,12,1,0
BRDA:104,13,0,0
BRDA:104,13,1,0
BRDA:106,14,0,0
BRDA:106,14,1,0
BRDA:117,15,0,0
BRDA:117,15,1,0
BRDA:120,16,0,0
BRDA:120,16,1,0
BRDA:125,17,0,0
BRDA:125,17,1,0
BRDA:127,18,0,0
BRDA:127,18,1,0
BRDA:127,19,0,0
BRDA:127,19,1,0
BRDA:131,20,0,0
BRDA:131,20,1,0
BRDA:138,21,0,0
BRDA:138,21,1,0
BRDA:162,22,0,0
BRDA:162,22,1,2
BRDA:166,23,0,0
BRDA:166,23,1,0
BRDA:166,24,0,0
BRDA:166,24,1,0
BRDA:175,25,0,0
BRDA:175,25,1,0
BRDA:177,26,0,0
BRDA:177,26,1,0
BRDA:182,27,0,0
BRDA:182,27,1,0
BRF:56
BRH:6
end_of_record
TN:
SF:/Users/kristianmandrup/repos/tecla5/red-ui/packages/red-shared/src/context.ts
FN:2,(anonymous_0)
FN:8,(anonymous_1)
FN:22,(anonymous_2)
FN:25,(anonymous_3)
FN:28,(anonymous_4)
FN:32,(anonymous_5)
FN:33,(anonymous_6)
FN:37,(anonymous_7)
FN:39,(anonymous_8)
FNF:9
FNH:5
FNDA:1,(anonymous_0)
FNDA:1,(anonymous_1)
FNDA:5,(anonymous_2)
FNDA:0,(anonymous_3)
FNDA:0,(anonymous_4)
FNDA:0,(anonymous_5)
FNDA:0,(anonymous_6)
FNDA:2,(anonymous_7)
FNDA:2,(anonymous_8)
DA:2,1
DA:3,1
DA:4,1
DA:5,0
DA:6,1
DA:8,1
DA:9,1
DA:11,1
DA:12,1
DA:13,1
DA:14,1
DA:15,1
DA:16,1
DA:17,1
DA:18,1
DA:19,1
DA:20,1
DA:23,5
DA:26,0
DA:29,0
DA:30,0
DA:33,0
DA:34,0
DA:38,2
DA:39,2
DA:40,2
DA:42,2
DA:43,0
DA:45,2
DA:46,2
DA:50,1
DA:54,1
LF:32
LH:25
BRDA:2,0,0,1
BRDA:2,0,1,1
BRDA:2,0,2,1
BRDA:3,1,0,0
BRDA:3,1,1,1
BRDA:3,2,0,0
BRDA:3,2,1,1
BRDA:4,3,0,1
BRDA:4,3,1,0
BRDA:4,4,0,1
BRDA:4,4,1,1
BRDA:5,5,0,0
BRDA:5,5,1,0
BRDA:5,6,0,0
BRDA:5,6,1,0
BRDA:5,7,0,0
BRDA:5,7,1,0
BRDA:5,8,0,0
BRDA:5,8,1,0
BRDA:6,9,0,1
BRDA:6,9,1,1
BRDA:6,9,2,0
BRDA:8,10,0,1
BRDA:8,10,1,1
BRDA:8,10,2,1
BRDA:9,11,0,1
BRDA:9,11,1,0
BRDA:9,12,0,1
BRDA:9,12,1,1
BRDA:38,13,0,2
BRDA:38,13,1,2
BRDA:42,14,0,0
BRDA:42,14,1,2
BRDA:52,15,0,1
BRDA:52,15,1,0
BRDA:52,15,2,1
BRDA:52,16,0,1
BRDA:52,16,1,0
BRF:38
BRH:22
end_of_record
TN:
SF:/Users/kristianmandrup/repos/tecla5/red-ui/packages/red-shared/src/events.ts
FN:19,(anonymous_0)
FN:22,(anonymous_1)
FN:26,(anonymous_2)
FN:37,(anonymous_3)
FNF:4
FNH:0
FNDA:0,(anonymous_0)
FNDA:0,(anonymous_1)
FNDA:0,(anonymous_2)
FNDA:0,(anonymous_3)
DA:17,1
DA:20,0
DA:23,0
DA:24,0
DA:27,0
DA:28,0
DA:29,0
DA:30,0
DA:31,0
DA:32,0
DA:38,0
DA:39,0
DA:40,0
DA:41,0
DA:42,0
DA:43,0
DA:46,0
DA:47,0
DA:53,1
LF:19
LH:2
BRDA:23,0,0,0
BRDA:23,0,1,0
BRDA:28,1,0,0
BRDA:28,1,1,0
BRDA:30,2,0,0
BRDA:30,2,1,0
BRDA:40,3,0,0
BRDA:40,3,1,0
BRF:8
BRH:0
end_of_record
TN:
SF:/Users/kristianmandrup/repos/tecla5/red-ui/packages/red-shared/src/i18n.ts
FN:2,(anonymous_0)
FN:3,(anonymous_1)
FN:4,fulfilled
FN:5,rejected
FN:6,step
FN:6,(anonymous_5)
FN:29,(anonymous_6)
FN:32,(anonymous_7)
FN:37,(anonymous_8)
FN:38,(anonymous_9)
FN:59,(anonymous_10)
FN:70,(anonymous_11)
FN:77,(anonymous_12)
FN:78,(anonymous_13)
FN:81,(anonymous_14)
FN:82,(anonymous_15)
FN:89,(anonymous_16)
FN:101,(anonymous_17)
FN:102,(anonymous_18)
FN:105,(anonymous_19)
FN:106,(anonymous_20)
FN:113,(anonymous_21)
FN:115,(anonymous_22)
FNF:23
FNH:0
FNDA:0,(anonymous_0)
FNDA:0,(anonymous_1)
FNDA:0,fulfilled
FNDA:0,rejected
FNDA:0,step
FNDA:0,(anonymous_5)
FNDA:0,(anonymous_6)
FNDA:0,(anonymous_7)
FNDA:0,(anonymous_8)
FNDA:0,(anonymous_9)
FNDA:0,(anonymous_10)
FNDA:0,(anonymous_11)
FNDA:0,(anonymous_12)
FNDA:0,(anonymous_13)
FNDA:0,(anonymous_14)
FNDA:0,(anonymous_15)
FNDA:0,(anonymous_16)
FNDA:0,(anonymous_17)
FNDA:0,(anonymous_18)
FNDA:0,(anonymous_19)
FNDA:0,(anonymous_20)
FNDA:0,(anonymous_21)
FNDA:0,(anonymous_22)
DA:2,1
DA:3,0
DA:4,0
DA:5,0
DA:6,0
DA:7,0
DA:10,1
DA:26,1
DA:27,1
DA:30,0
DA:31,0
DA:32,0
DA:33,0
DA:35,0
DA:38,0
DA:39,0
DA:40,0
DA:51,0
DA:54,0
DA:55,0
DA:60,0
DA:71,0
DA:72,0
DA:73,0
DA:78,0
DA:79,0
DA:80,0
DA:81,0
DA:82,0
DA:83,0
DA:90,0
DA:91,0
DA:92,0
DA:93,0
DA:102,0
DA:103,0
DA:104,0
DA:105,0
DA:106,0
DA:107,0
DA:114,0
DA:115,0
DA:116,0
DA:118,0
DA:119,0
DA:120,0
DA:129,1
LF:47
LH:5
BRDA:2,0,0,1
BRDA:2,0,1,1
BRDA:2,0,2,1
BRDA:3,1,0,0
BRDA:3,1,1,0
BRDA:6,2,0,0
BRDA:6,2,1,0
BRDA:7,3,0,0
BRDA:7,3,1,0
BRDA:72,4,0,0
BRDA:72,4,1,0
BRDA:92,5,0,0
BRDA:92,5,1,0
BRDA:119,6,0,0
BRDA:119,6,1,0
BRF:15
BRH:3
end_of_record
TN:
SF:/Users/kristianmandrup/repos/tecla5/red-ui/packages/red-shared/src/index.ts
FNF:0
FNH:0
DA:5,1
DA:6,1
DA:7,1
DA:8,1
DA:9,1
DA:10,1
DA:11,1
DA:12,1
DA:13,1
DA:14,1
DA:15,1
DA:16,1
DA:17,1
DA:18,1
DA:19,1
DA:20,1
DA:21,1
DA:22,1
DA:23,1
DA:24,1
DA:25,1
DA:26,1
DA:27,1
DA:28,1
DA:29,1
DA:30,1
DA:31,1
DA:32,1
DA:33,1
DA:34,1
DA:35,1
DA:36,1
DA:37,1
LF:33
LH:33
BRF:0
BRH:0
end_of_record
TN:
SF:/Users/kristianmandrup/repos/tecla5/red-ui/packages/red-shared/src/main.ts
FN:22,(anonymous_0)
FN:24,(anonymous_1)
FN:29,(anonymous_2)
FN:34,(anonymous_3)
FN:42,(anonymous_4)
FN:48,(anonymous_5)
FN:56,(anonymous_6)
FN:66,(anonymous_7)
FN:75,(anonymous_8)
FN:85,(anonymous_9)
FN:112,(anonymous_10)
FN:128,(anonymous_11)
FN:134,(anonymous_12)
FN:138,(anonymous_13)
FN:139,(anonymous_14)
FN:174,(anonymous_15)
FN:206,(anonymous_16)
FN:208,(anonymous_17)
FN:216,(anonymous_18)
FNF:19
FNH:0
FNDA:0,(anonymous_0)
FNDA:0,(anonymous_1)
FNDA:0,(anonymous_2)
FNDA:0,(anonymous_3)
FNDA:0,(anonymous_4)
FNDA:0,(anonymous_5)
FNDA:0,(anonymous_6)
FNDA:0,(anonymous_7)
FNDA:0,(anonymous_8)
FNDA:0,(anonymous_9)
FNDA:0,(anonymous_10)
FNDA:0,(anonymous_11)
FNDA:0,(anonymous_12)
FNDA:0,(anonymous_13)
FNDA:0,(anonymous_14)
FNDA:0,(anonymous_15)
FNDA:0,(anonymous_16)
FNDA:0,(anonymous_17)
FNDA:0,(anonymous_18)
DA:2,1
DA:18,1
DA:19,1
DA:20,1
DA:23,0
DA:24,0
DA:25,0
DA:26,0
DA:28,0
DA:29,0
DA:30,0
DA:35,0
DA:36,0
DA:43,0
DA:44,0
DA:49,0
DA:50,0
DA:57,0
DA:58,0
DA:59,0
DA:60,0
DA:61,0
DA:62,0
DA:67,0
DA:68,0
DA:69,0
DA:76,0
DA:77,0
DA:78,0
DA:79,0
DA:80,0
DA:81,0
DA:82,0
DA:84,0
DA:85,0
DA:86,0
DA:87,0
DA:88,0
DA:90,0
DA:92,0
DA:94,0
DA:96,0
DA:97,0
DA:100,0
DA:101,0
DA:104,0
DA:107,0
DA:108,0
DA:109,0
DA:112,0
DA:113,0
DA:114,0
DA:115,0
DA:116,0
DA:117,0
DA:118,0
DA:123,0
DA:124,0
DA:125,0
DA:128,0
DA:132,0
DA:133,0
DA:134,0
DA:135,0
DA:136,0
DA:137,0
DA:138,0
DA:139,0
DA:140,0
DA:144,0
DA:145,0
DA:146,0
DA:151,0
DA:152,0
DA:153,0
DA:154,0
DA:155,0
DA:156,0
DA:157,0
DA:163,0
DA:164,0
DA:165,0
DA:166,0
DA:167,0
DA:168,0
DA:169,0
DA:174,0
DA:175,0
DA:176,0
DA:177,0
DA:184,0
DA:185,0
DA:186,0
DA:187,0
DA:188,0
DA:193,0
DA:194,0
DA:198,0
DA:201,0
DA:207,0
DA:208,0
DA:209,0
DA:212,0
DA:213,0
DA:217,0
DA:218,0
DA:219,0
DA:244,0
DA:245,0
DA:260,0
DA:278,0
DA:279,0
DA:284,0
DA:285,0
DA:290,0
DA:310,0
DA:326,0
DA:327,0
DA:328,0
DA:333,0
DA:335,0
DA:340,0
DA:341,0
DA:346,0
DA:351,0
DA:357,0
DA:358,0
DA:360,0
DA:361,0
DA:362,0
DA:363,0
DA:364,0
DA:365,0
DA:366,0
DA:367,0
DA:368,0
DA:369,0
DA:370,0
DA:371,0
DA:372,0
DA:373,0
DA:374,0
DA:375,0
DA:377,0
DA:378,0
DA:380,0
DA:383,0
DA:405,0
DA:407,0
DA:408,0
DA:409,0
DA:410,0
DA:413,1
LF:153
LH:5
BRDA:25,0,0,0
BRDA:25,0,1,0
BRDA:25,1,0,0
BRDA:25,1,1,0
BRDA:81,2,0,0
BRDA:81,2,1,0
BRDA:88,3,0,0
BRDA:88,3,1,0
BRDA:92,4,0,0
BRDA:92,4,1,0
BRDA:96,5,0,0
BRDA:96,5,1,0
BRDA:100,6,0,0
BRDA:100,6,1,0
BRDA:107,7,0,0
BRDA:107,7,1,0
BRDA:115,8,0,0
BRDA:115,8,1,0
BRDA:116,9,0,0
BRDA:116,9,1,0
BRDA:117,10,0,0
BRDA:117,10,1,0
BRDA:132,11,0,0
BRDA:132,11,1,0
BRDA:144,12,0,0
BRDA:144,12,1,0
BRDA:151,13,0,0
BRDA:151,13,1,0
BRDA:155,14,0,0
BRDA:155,14,1,0
BRDA:163,15,0,0
BRDA:163,15,1,0
BRDA:164,16,0,0
BRDA:164,16,1,0
BRDA:166,17,0,0
BRDA:166,17,1,0
BRDA:184,18,0,0
BRDA:184,18,1,0
BRDA:185,19,0,0
BRDA:185,19,1,0
BRDA:193,20,0,0
BRDA:193,20,1,0
BRDA:327,21,0,0
BRDA:327,21,1,0
BRDA:377,22,0,0
BRDA:377,22,1,0
BRF:46
BRH:0
end_of_record
TN:
SF:/Users/kristianmandrup/repos/tecla5/red-ui/packages/red-shared/src/settings.ts
FN:2,(anonymous_0)
FN:3,(anonymous_1)
FN:4,fulfilled
FN:5,rejected
FN:6,step
FN:6,(anonymous_5)
FN:28,(anonymous_6)
FN:32,(anonymous_7)
FN:33,(anonymous_8)
FN:44,(anonymous_9)
FN:58,(anonymous_10)
FN:67,(anonymous_11)
FN:80,(anonymous_12)
FN:87,(anonymous_13)
FN:94,(anonymous_14)
FN:109,(anonymous_15)
FN:110,(anonymous_16)
FN:121,(anonymous_17)
FN:129,(anonymous_18)
FN:134,(anonymous_19)
FN:146,(anonymous_20)
FNF:21
FNH:0
FNDA:0,(anonymous_0)
FNDA:0,(anonymous_1)
FNDA:0,fulfilled
FNDA:0,rejected
FNDA:0,step
FNDA:0,(anonymous_5)
FNDA:0,(anonymous_6)
FNDA:0,(anonymous_7)
FNDA:0,(anonymous_8)
FNDA:0,(anonymous_9)
FNDA:0,(anonymous_10)
FNDA:0,(anonymous_11)
FNDA:0,(anonymous_12)
FNDA:0,(anonymous_13)
FNDA:0,(anonymous_14)
FNDA:0,(anonymous_15)
FNDA:0,(anonymous_16)
FNDA:0,(anonymous_17)
FNDA:0,(anonymous_18)
FNDA:0,(anonymous_19)
FNDA:0,(anonymous_20)
DA:2,1
DA:3,0
DA:4,0
DA:5,0
DA:6,0
DA:7,0
DA:10,1
DA:26,1
DA:29,0
DA:30,0
DA:33,0
DA:34,0
DA:35,0
DA:36,0
DA:37,0
DA:38,0
DA:41,0
DA:43,0
DA:46,0
DA:47,0
DA:48,0
DA:49,0
DA:51,0
DA:55,0
DA:59,0
DA:60,0
DA:63,0
DA:68,0
DA:69,0
DA:71,0
DA:81,0
DA:82,0
DA:84,0
DA:88,0
DA:89,0
DA:91,0
DA:95,0
DA:96,0
DA:97,0
DA:98,0
DA:101,0
DA:102,0
DA:103,0
DA:106,0
DA:110,0
DA:111,0
DA:114,0
DA:122,0
DA:123,0
DA:124,0
DA:126,0
DA:127,0
DA:130,0
DA:131,0
DA:132,0
DA:134,0
DA:135,0
DA:139,0
DA:147,0
DA:148,0
DA:149,0
DA:151,0
DA:152,0
DA:153,0
DA:154,0
DA:155,0
DA:157,0
DA:158,0
DA:160,0
DA:163,0
DA:167,1
LF:71
LH:4
BRDA:2,0,0,1
BRDA:2,0,1,1
BRDA:2,0,2,1
BRDA:3,1,0,0
BRDA:3,1,1,0
BRDA:6,2,0,0
BRDA:6,2,1,0
BRDA:7,3,0,0
BRDA:7,3,1,0
BRDA:36,4,0,0
BRDA:36,4,1,0
BRDA:46,5,0,0
BRDA:46,5,1,0
BRDA:48,6,0,0
BRDA:48,6,1,0
BRDA:60,7,0,0
BRDA:60,7,1,0
BRDA:68,8,0,0
BRDA:68,8,1,0
BRDA:81,9,0,0
BRDA:81,9,1,0
BRDA:88,10,0,0
BRDA:88,10,1,0
BRDA:97,11,0,0
BRDA:97,11,1,0
BRDA:97,12,0,0
BRDA:97,12,1,0
BRDA:102,13,0,0
BRDA:102,13,1,0
BRDA:123,14,0,0
BRDA:123,14,1,0
BRDA:123,15,0,0
BRDA:123,15,1,0
BRDA:130,16,0,0
BRDA:130,16,1,0
BRDA:131,17,0,0
BRDA:131,17,1,0
BRDA:148,18,0,0
BRDA:148,18,1,0
BRDA:157,19,0,0
BRDA:157,19,1,0
BRF:41
BRH:3
end_of_record
TN:
SF:/Users/kristianmandrup/repos/tecla5/red-ui/packages/red-shared/src/user.ts
FN:2,(anonymous_0)
FN:3,(anonymous_1)
FN:4,fulfilled
FN:5,rejected
FN:6,step
FN:6,(anonymous_5)
FN:28,(anonymous_6)
FN:51,(anonymous_7)
FN:78,(anonymous_8)
FN:89,(anonymous_9)
FN:91,(anonymous_10)
FN:105,(anonymous_11)
FN:122,(anonymous_12)
FN:129,(anonymous_13)
FN:132,(anonymous_14)
FN:149,(anonymous_15)
FN:177,(anonymous_16)
FN:182,(anonymous_17)
FN:188,(anonymous_18)
FN:189,(anonymous_19)
FN:199,(anonymous_20)
FN:207,(anonymous_21)
FN:217,(anonymous_22)
FN:226,(anonymous_23)
FN:229,(anonymous_24)
FN:230,(anonymous_25)
FN:248,(anonymous_26)
FNF:27
FNH:0
FNDA:0,(anonymous_0)
FNDA:0,(anonymous_1)
FNDA:0,fulfilled
FNDA:0,rejected
FNDA:0,step
FNDA:0,(anonymous_5)
FNDA:0,(anonymous_6)
FNDA:0,(anonymous_7)
FNDA:0,(anonymous_8)
FNDA:0,(anonymous_9)
FNDA:0,(anonymous_10)
FNDA:0,(anonymous_11)
FNDA:0,(anonymous_12)
FNDA:0,(anonymous_13)
FNDA:0,(anonymous_14)
FNDA:0,(anonymous_15)
FNDA:0,(anonymous_16)
FNDA:0,(anonymous_17)
FNDA:0,(anonymous_18)
FNDA:0,(anonymous_19)
FNDA:0,(anonymous_20)
FNDA:0,(anonymous_21)
FNDA:0,(anonymous_22)
FNDA:0,(anonymous_23)
FNDA:0,(anonymous_24)
FNDA:0,(anonymous_25)
FNDA:0,(anonymous_26)
DA:2,1
DA:3,0
DA:4,0
DA:5,0
DA:6,0
DA:7,0
DA:10,1
DA:26,1
DA:29,0
DA:30,0
DA:31,0
DA:32,0
DA:33,0
DA:35,0
DA:36,0
DA:41,0
DA:43,0
DA:47,0
DA:52,0
DA:55,0
DA:56,0
DA:57,0
DA:59,0
DA:65,0
DA:74,0
DA:75,0
DA:79,0
DA:80,0
DA:81,0
DA:82,0
DA:83,0
DA:86,0
DA:87,0
DA:88,0
DA:89,0
DA:90,0
DA:91,0
DA:92,0
DA:93,0
DA:94,0
DA:99,0
DA:101,0
DA:104,0
DA:105,0
DA:106,0
DA:107,0
DA:108,0
DA:109,0
DA:114,0
DA:115,0
DA:116,0
DA:118,0
DA:123,0
DA:124,0
DA:125,0
DA:126,0
DA:128,0
DA:130,0
DA:131,0
DA:133,0
DA:134,0
DA:136,0
DA:139,0
DA:140,0
DA:141,0
DA:142,0
DA:143,0
DA:147,0
DA:152,0
DA:154,0
DA:155,0
DA:159,0
DA:160,0
DA:161,0
DA:162,0
DA:166,0
DA:171,0
DA:173,0
DA:176,0
DA:177,0
DA:178,0
DA:181,0
DA:182,0
DA:183,0
DA:189,0
DA:190,0
DA:191,0
DA:192,0
DA:193,0
DA:200,0
DA:201,0
DA:202,0
DA:205,0
DA:208,0
DA:209,0
DA:212,0
DA:218,0
DA:221,0
DA:222,0
DA:223,0
DA:227,0
DA:230,0
DA:231,0
DA:234,0
DA:241,0
DA:245,0
DA:249,0
DA:255,1
LF:108
LH:4
BRDA:2,0,0,1
BRDA:2,0,1,1
BRDA:2,0,2,1
BRDA:3,1,0,0
BRDA:3,1,1,0
BRDA:6,2,0,0
BRDA:6,2,1,0
BRDA:7,3,0,0
BRDA:7,3,1,0
BRDA:31,4,0,0
BRDA:31,4,1,0
BRDA:32,5,0,0
BRDA:32,5,1,0
BRDA:32,6,0,0
BRDA:32,6,1,0
BRDA:35,7,0,0
BRDA:35,7,1,0
BRDA:55,8,0,0
BRDA:55,8,1,0
BRDA:80,9,0,0
BRDA:80,9,1,0
BRDA:88,10,0,0
BRDA:88,10,1,0
BRDA:92,11,0,0
BRDA:92,11,1,0
BRDA:102,12,0,0
BRDA:102,12,1,0
BRDA:125,13,0,0
BRDA:125,13,1,0
BRDA:139,14,0,0
BRDA:139,14,1,0
BRDA:154,15,0,0
BRDA:154,15,1,0
BRDA:159,16,0,0
BRDA:159,16,1,0
BRDA:161,17,0,0
BRDA:161,17,1,0
BRDA:176,18,0,0
BRDA:176,18,1,0
BRDA:181,19,0,0
BRDA:181,19,1,0
BRDA:192,20,0,0
BRDA:192,20,1,0
BRDA:201,21,0,0
BRDA:201,21,1,0
BRDA:201,22,0,0
BRDA:201,22,1,0
BRDA:208,23,0,0
BRDA:208,23,1,0
BRDA:222,24,0,0
BRDA:222,24,1,0
BRF:51
BRH:3
end_of_record
TN:
SF:/Users/kristianmandrup/repos/tecla5/red-ui/packages/red-shared/src/validators.ts
FN:20,(anonymous_0)
FN:23,(anonymous_1)
FN:24,(anonymous_2)
FN:28,(anonymous_3)
FN:29,(anonymous_4)
FN:33,(anonymous_5)
FN:35,(anonymous_6)
FNF:7
FNH:0
FNDA:0,(anonymous_0)
FNDA:0,(anonymous_1)
FNDA:0,(anonymous_2)
FNDA:0,(anonymous_3)
FNDA:0,(anonymous_4)
FNDA:0,(anonymous_5)
FNDA:0,(anonymous_6)
DA:2,1
DA:18,1
DA:21,0
DA:24,0
DA:25,0
DA:29,0
DA:30,0
DA:34,0
DA:35,0
DA:36,0
DA:37,0
DA:38,0
DA:39,0
DA:40,0
DA:43,0
DA:46,0
DA:47,0
DA:49,0
DA:50,0
DA:52,0
DA:56,1
LF:21
LH:3
BRDA:25,0,0,0
BRDA:25,0,1,0
BRDA:25,0,2,0
BRDA:25,0,3,0
BRDA:25,0,4,0
BRDA:36,1,0,0
BRDA:36,1,1,0
BRDA:36,2,0,0
BRDA:36,2,1,0
BRDA:37,3,0,0
BRDA:37,3,1,0
BRDA:46,4,0,0
BRDA:46,4,1,0
BRDA:46,5,0,0
BRDA:46,5,1,0
BRDA:46,5,2,0
BRDA:49,6,0,0
BRDA:49,6,1,0
BRF:18
BRH:0
end_of_record
TN:
SF:/Users/kristianmandrup/repos/tecla5/red-ui/packages/red-shared/src/_setup/setup.ts
FN:2,(anonymous_0)
FN:15,(anonymous_1)
FN:67,(anonymous_2)
FN:103,(anonymous_3)
FN:120,(anonymous_4)
FNF:5
FNH:2
FNDA:1,(anonymous_0)
FNDA:5,(anonymous_1)
FNDA:0,(anonymous_2)
FNDA:0,(anonymous_3)
FNDA:0,(anonymous_4)
DA:2,1
DA:3,1
DA:4,1
DA:5,0
DA:6,1
DA:8,1
DA:9,1
DA:10,1
DA:11,1
DA:12,1
DA:13,1
DA:14,1
DA:16,5
DA:19,5
DA:22,5
DA:24,2
DA:28,5
DA:32,5
DA:36,5
DA:40,5
DA:44,0
DA:48,5
DA:51,0
DA:52,0
DA:54,5
DA:57,5
DA:62,5
DA:67,5
DA:68,5
DA:72,5
DA:75,5
DA:78,5
DA:81,5
DA:84,5
DA:87,5
DA:90,5
DA:98,5
DA:101,5
DA:106,5
DA:113,5
DA:116,5
DA:122,1
DA:125,1
DA:126,1
LF:44
LH:40
BRDA:2,0,0,1
BRDA:2,0,1,1
BRDA:2,0,2,1
BRDA:3,1,0,1
BRDA:3,1,1,0
BRDA:3,2,0,0
BRDA:3,2,1,0
BRDA:4,3,0,1
BRDA:4,3,1,0
BRDA:4,4,0,1
BRDA:4,4,1,1
BRDA:5,5,0,0
BRDA:5,5,1,0
BRDA:5,6,0,0
BRDA:5,6,1,0
BRDA:5,7,0,0
BRDA:5,7,1,0
BRDA:5,8,0,0
BRDA:5,8,1,0
BRDA:6,9,0,1
BRDA:6,9,1,0
BRDA:6,9,2,0
BRF:22
BRH:8
end_of_record
TN:
SF:/Users/kristianmandrup/repos/tecla5/red-ui/packages/red-shared/src/history/index.ts
FN:22,(anonymous_0)
FN:28,(anonymous_1)
FN:33,(anonymous_2)
FN:36,(anonymous_3)
FN:39,(anonymous_4)
FN:42,(anonymous_5)
FN:46,(anonymous_6)
FNF:7
FNH:0
FNDA:0,(anonymous_0)
FNDA:0,(anonymous_1)
FNDA:0,(anonymous_2)
FNDA:0,(anonymous_3)
FNDA:0,(anonymous_4)
FNDA:0,(anonymous_5)
FNDA:0,(anonymous_6)
DA:17,1
DA:18,1
DA:19,1
DA:20,1
DA:23,0
DA:24,0
DA:25,0
DA:29,0
DA:30,0
DA:34,0
DA:37,0
DA:40,0
DA:43,0
DA:44,0
DA:47,0
DA:48,0
DA:51,1
LF:17
LH:5
BRF:0
BRH:0
end_of_record
TN:
SF:/Users/kristianmandrup/repos/tecla5/red-ui/packages/red-shared/src/history/undo.ts
FN:9,(anonymous_0)
FN:14,(anonymous_1)
FN:32,(anonymous_2)
FN:68,(anonymous_3)
FN:106,(anonymous_4)
FN:116,(anonymous_5)
FN:126,(anonymous_6)
FN:137,(anonymous_7)
FN:229,(anonymous_8)
FN:239,(anonymous_9)
FN:270,(anonymous_10)
FN:296,(anonymous_11)
FNF:12
FNH:0
FNDA:0,(anonymous_0)
FNDA:0,(anonymous_1)
FNDA:0,(anonymous_2)
FNDA:0,(anonymous_3)
FNDA:0,(anonymous_4)
FNDA:0,(anonymous_5)
FNDA:0,(anonymous_6)
FNDA:0,(anonymous_7)
FNDA:0,(anonymous_8)
FNDA:0,(anonymous_9)
FNDA:0,(anonymous_10)
FNDA:0,(anonymous_11)
DA:3,1
DA:7,1
DA:10,0
DA:11,0
DA:12,0
DA:15,0
DA:20,0
DA:21,0
DA:22,0
DA:23,0
DA:24,0
DA:26,0
DA:29,0
DA:30,0
DA:31,0
DA:32,0
DA:33,0
DA:34,0
DA:37,0
DA:39,0
DA:40,0
DA:41,0
DA:42,0
DA:43,0
DA:44,0
DA:46,0
DA:49,0
DA:50,0
DA:51,0
DA:54,0
DA:55,0
DA:56,0
DA:57,0
DA:60,0
DA:61,0
DA:62,0
DA:63,0
DA:66,0
DA:67,0
DA:68,0
DA:69,0
DA:70,0
DA:71,0
DA:72,0
DA:76,0
DA:77,0
DA:78,0
DA:79,0
DA:83,0
DA:84,0
DA:85,0
DA:89,0
DA:90,0
DA:91,0
DA:92,0
DA:93,0
DA:96,0
DA:97,0
DA:99,0
DA:100,0
DA:101,0
DA:102,0
DA:104,0
DA:105,0
DA:106,0
DA:107,0
DA:109,0
DA:110,0
DA:111,0
DA:112,0
DA:113,0
DA:114,0
DA:116,0
DA:117,0
DA:118,0
DA:119,0
DA:125,0
DA:126,0
DA:127,0
DA:128,0
DA:129,0
DA:130,0
DA:134,0
DA:135,0
DA:138,0
DA:139,0
DA:140,0
DA:141,0
DA:143,0
DA:144,0
DA:147,0
DA:148,0
DA:149,0
DA:150,0
DA:153,0
DA:154,0
DA:155,0
DA:158,0
DA:159,0
DA:160,0
DA:161,0
DA:162,0
DA:163,0
DA:164,0
DA:165,0
DA:168,0
DA:174,0
DA:175,0
DA:176,0
DA:177,0
DA:178,0
DA:179,0
DA:180,0
DA:183,0
DA:184,0
DA:185,0
DA:188,0
DA:189,0
DA:190,0
DA:194,0
DA:195,0
DA:196,0
DA:197,0
DA:199,0
DA:200,0
DA:201,0
DA:203,0
DA:204,0
DA:205,0
DA:208,0
DA:211,0
DA:212,0
DA:213,0
DA:214,0
DA:216,0
DA:217,0
DA:220,0
DA:221,0
DA:222,0
DA:224,0
DA:225,0
DA:228,0
DA:229,0
DA:230,0
DA:231,0
DA:232,0
DA:233,0
DA:237,0
DA:240,0
DA:241,0
DA:242,0
DA:247,0
DA:248,0
DA:249,0
DA:250,0
DA:251,0
DA:255,0
DA:256,0
DA:258,0
DA:259,0
DA:260,0
DA:263,0
DA:264,0
DA:266,0
DA:267,0
DA:268,0
DA:271,0
DA:272,0
DA:274,0
DA:275,0
DA:278,0
DA:279,0
DA:280,0
DA:283,0
DA:284,0
DA:285,0
DA:286,0
DA:287,0
DA:291,0
DA:292,0
DA:293,0
DA:296,0
DA:297,0
DA:298,0
DA:299,0
DA:302,0
DA:303,0
DA:304,0
DA:305,0
DA:306,0
DA:310,1
LF:191
LH:3
BRDA:21,0,0,0
BRDA:21,0,1,0
BRDA:22,1,0,0
BRDA:22,1,1,0
BRDA:29,2,0,0
BRDA:29,2,1,0
BRDA:33,3,0,0
BRDA:33,3,1,0
BRDA:39,4,0,0
BRDA:39,4,1,0
BRDA:40,5,0,0
BRDA:40,5,1,0
BRDA:43,6,0,0
BRDA:43,6,1,0
BRDA:49,7,0,0
BRDA:49,7,1,0
BRDA:54,8,0,0
BRDA:54,8,1,0
BRDA:60,9,0,0
BRDA:60,9,1,0
BRDA:66,10,0,0
BRDA:66,10,1,0
BRDA:67,11,0,0
BRDA:67,11,1,0
BRDA:70,12,0,0
BRDA:70,12,1,0
BRDA:76,13,0,0
BRDA:76,13,1,0
BRDA:78,14,0,0
BRDA:78,14,1,0
BRDA:83,15,0,0
BRDA:83,15,1,0
BRDA:89,16,0,0
BRDA:89,16,1,0
BRDA:90,17,0,0
BRDA:90,17,1,0
BRDA:96,18,0,0
BRDA:96,18,1,0
BRDA:96,19,0,0
BRDA:96,19,1,0
BRDA:99,20,0,0
BRDA:99,20,1,0
BRDA:99,21,0,0
BRDA:99,21,1,0
BRDA:104,22,0,0
BRDA:104,22,1,0
BRDA:104,23,0,0
BRDA:104,23,1,0
BRDA:117,24,0,0
BRDA:117,24,1,0
BRDA:118,25,0,0
BRDA:118,25,1,0
BRDA:125,26,0,0
BRDA:125,26,1,0
BRDA:125,27,0,0
BRDA:125,27,1,0
BRDA:128,28,0,0
BRDA:128,28,1,0
BRDA:134,29,0,0
BRDA:134,29,1,0
BRDA:147,30,0,0
BRDA:147,30,1,0
BRDA:153,31,0,0
BRDA:153,31,1,0
BRDA:158,32,0,0
BRDA:158,32,1,0
BRDA:160,33,0,0
BRDA:160,33,1,0
BRDA:162,34,0,0
BRDA:162,34,1,0
BRDA:164,35,0,0
BRDA:164,35,1,0
BRDA:174,36,0,0
BRDA:174,36,1,0
BRDA:183,37,0,0
BRDA:183,37,1,0
BRDA:188,38,0,0
BRDA:188,38,1,0
BRDA:194,39,0,0
BRDA:194,39,1,0
BRDA:196,40,0,0
BRDA:196,40,1,0
BRDA:197,41,0,0
BRDA:197,41,1,0
BRDA:197,42,0,0
BRDA:197,42,1,0
BRDA:200,43,0,0
BRDA:200,43,1,0
BRDA:204,44,0,0
BRDA:204,44,1,0
BRDA:211,45,0,0
BRDA:211,45,1,0
BRDA:212,46,0,0
BRDA:212,46,1,0
BRDA:213,47,0,0
BRDA:213,47,1,0
BRDA:216,48,0,0
BRDA:216,48,1,0
BRDA:220,49,0,0
BRDA:220,49,1,0
BRDA:221,50,0,0
BRDA:221,50,1,0
BRDA:224,51,0,0
BRDA:224,51,1,0
BRDA:228,52,0,0
BRDA:228,52,1,0
BRDA:231,53,0,0
BRDA:231,53,1,0
BRDA:247,54,0,0
BRDA:247,54,1,0
BRDA:250,55,0,0
BRDA:250,55,1,0
BRDA:250,56,0,0
BRDA:250,56,1,0
BRDA:258,57,0,0
BRDA:258,57,1,0
BRDA:266,58,0,0
BRDA:266,58,1,0
BRDA:267,59,0,0
BRDA:267,59,1,0
BRDA:278,60,0,0
BRDA:278,60,1,0
BRDA:285,61,0,0
BRDA:285,61,1,0
BRDA:291,62,0,0
BRDA:291,62,1,0
BRDA:292,63,0,0
BRDA:292,63,1,0
BRDA:298,64,0,0
BRDA:298,64,1,0
BRF:130
BRH:0
end_of_record
TN:
SF:/Users/kristianmandrup/repos/tecla5/red-ui/packages/red-shared/src/nodes/index.ts
FNF:0
FNH:0
DA:2,1
DA:6,1
DA:7,1
DA:8,1
DA:9,1
DA:10,1
LF:6
LH:6
BRF:0
BRH:0
end_of_record
TN:
SF:/Users/kristianmandrup/repos/tecla5/red-ui/packages/red-shared/src/nodes/node-config.ts
FN:5,(anonymous_0)
FN:17,(anonymous_1)
FNF:2
FNH:0
FNDA:0,(anonymous_0)
FNDA:0,(anonymous_1)
DA:2,1
DA:3,1
DA:6,0
DA:7,0
DA:8,0
DA:9,0
DA:10,0
DA:11,0
DA:12,0
DA:13,0
DA:14,0
DA:15,0
DA:18,0
DA:19,0
DA:20,0
DA:25,1
LF:16
LH:3
BRF:0
BRH:0
end_of_record
TN:
SF:/Users/kristianmandrup/repos/tecla5/red-ui/packages/red-shared/src/nodes/nodes.ts
FN:7,(anonymous_0)
FN:14,(anonymous_1)
FN:18,(anonymous_2)
FN:23,(anonymous_3)
FN:30,(anonymous_4)
FN:42,(anonymous_5)
FN:45,(anonymous_6)
FN:57,(anonymous_7)
FN:68,(anonymous_8)
FN:71,(anonymous_9)
FN:96,(anonymous_10)
FN:105,(anonymous_11)
FN:108,(anonymous_12)
FN:121,(anonymous_13)
FN:139,(anonymous_14)
FN:142,(anonymous_15)
FN:182,(anonymous_16)
FN:188,(anonymous_17)
FN:194,(anonymous_18)
FN:198,(anonymous_19)
FN:231,(anonymous_20)
FN:234,(anonymous_21)
FN:240,(anonymous_22)
FN:261,(anonymous_23)
FN:264,(anonymous_24)
FN:267,(anonymous_25)
FN:270,(anonymous_26)
FN:273,(anonymous_27)
FN:282,(anonymous_28)
FN:285,(anonymous_29)
FN:289,(anonymous_30)
FN:309,(anonymous_31)
FN:317,(anonymous_32)
FN:335,(anonymous_33)
FN:352,(anonymous_34)
FN:415,(anonymous_35)
FN:433,(anonymous_36)
FN:441,(anonymous_37)
FN:447,(anonymous_38)
FN:460,(anonymous_39)
FN:466,(anonymous_40)
FN:496,(anonymous_41)
FN:513,(anonymous_42)
FN:549,(anonymous_43)
FN:576,(anonymous_44)
FN:583,(anonymous_45)
FN:617,(anonymous_46)
FN:646,(anonymous_47)
FN:773,(anonymous_48)
FN:780,(anonymous_49)
FN:1075,(anonymous_50)
FN:1086,(anonymous_51)
FN:1087,(anonymous_52)
FN:1098,(anonymous_53)
FN:1099,(anonymous_54)
FN:1125,(anonymous_55)
FN:1140,(anonymous_56)
FN:1168,(anonymous_57)
FN:1187,(anonymous_58)
FN:1196,(anonymous_59)
FN:1203,(anonymous_60)
FN:1207,(anonymous_61)
FN:1226,(anonymous_62)
FN:1229,(anonymous_63)
FN:1232,(anonymous_64)
FN:1237,(anonymous_65)
FN:1242,(anonymous_66)
FN:1249,(anonymous_67)
FN:1256,(anonymous_68)
FN:1261,(anonymous_69)
FN:1270,(anonymous_70)
FNF:71
FNH:0
FNDA:0,(anonymous_0)
FNDA:0,(anonymous_1)
FNDA:0,(anonymous_2)
FNDA:0,(anonymous_3)
FNDA:0,(anonymous_4)
FNDA:0,(anonymous_5)
FNDA:0,(anonymous_6)
FNDA:0,(anonymous_7)
FNDA:0,(anonymous_8)
FNDA:0,(anonymous_9)
FNDA:0,(anonymous_10)
FNDA:0,(anonymous_11)
FNDA:0,(anonymous_12)
FNDA:0,(anonymous_13)
FNDA:0,(anonymous_14)
FNDA:0,(anonymous_15)
FNDA:0,(anonymous_16)
FNDA:0,(anonymous_17)
FNDA:0,(anonymous_18)
FNDA:0,(anonymous_19)
FNDA:0,(anonymous_20)
FNDA:0,(anonymous_21)
FNDA:0,(anonymous_22)
FNDA:0,(anonymous_23)
FNDA:0,(anonymous_24)
FNDA:0,(anonymous_25)
FNDA:0,(anonymous_26)
FNDA:0,(anonymous_27)
FNDA:0,(anonymous_28)
FNDA:0,(anonymous_29)
FNDA:0,(anonymous_30)
FNDA:0,(anonymous_31)
FNDA:0,(anonymous_32)
FNDA:0,(anonymous_33)
FNDA:0,(anonymous_34)
FNDA:0,(anonymous_35)
FNDA:0,(anonymous_36)
FNDA:0,(anonymous_37)
FNDA:0,(anonymous_38)
FNDA:0,(anonymous_39)
FNDA:0,(anonymous_40)
FNDA:0,(anonymous_41)
FNDA:0,(anonymous_42)
FNDA:0,(anonymous_43)
FNDA:0,(anonymous_44)
FNDA:0,(anonymous_45)
FNDA:0,(anonymous_46)
FNDA:0,(anonymous_47)
FNDA:0,(anonymous_48)
FNDA:0,(anonymous_49)
FNDA:0,(anonymous_50)
FNDA:0,(anonymous_51)
FNDA:0,(anonymous_52)
FNDA:0,(anonymous_53)
FNDA:0,(anonymous_54)
FNDA:0,(anonymous_55)
FNDA:0,(anonymous_56)
FNDA:0,(anonymous_57)
FNDA:0,(anonymous_58)
FNDA:0,(anonymous_59)
FNDA:0,(anonymous_60)
FNDA:0,(anonymous_61)
FNDA:0,(anonymous_62)
FNDA:0,(anonymous_63)
FNDA:0,(anonymous_64)
FNDA:0,(anonymous_65)
FNDA:0,(anonymous_66)
FNDA:0,(anonymous_67)
FNDA:0,(anonymous_68)
FNDA:0,(anonymous_69)
FNDA:0,(anonymous_70)
DA:2,1
DA:3,1
DA:4,1
DA:5,1
DA:8,0
DA:9,0
DA:10,0
DA:14,0
DA:15,0
DA:16,0
DA:17,0
DA:18,0
DA:19,0
DA:20,0
DA:23,0
DA:24,0
DA:25,0
DA:28,0
DA:29,0
DA:30,0
DA:31,0
DA:32,0
DA:35,0
DA:37,0
DA:39,0
DA:40,0
DA:41,0
DA:42,0
DA:43,0
DA:45,0
DA:46,0
DA:47,0
DA:49,0
DA:50,0
DA:53,0
DA:58,0
DA:59,0
DA:60,0
DA:61,0
DA:62,0
DA:63,0
DA:64,0
DA:65,0
DA:66,0
DA:69,0
DA:72,0
DA:73,0
DA:74,0
DA:77,0
DA:79,0
DA:80,0
DA:83,0
DA:84,0
DA:85,0
DA:87,0
DA:88,0
DA:89,0
DA:92,0
DA:93,0
DA:94,0
DA:95,0
DA:96,0
DA:97,0
DA:99,0
DA:101,0
DA:103,0
DA:106,0
DA:109,0
DA:110,0
DA:113,0
DA:114,0
DA:115,0
DA:119,0
DA:122,0
DA:126,0
DA:127,0
DA:129,0
DA:130,0
DA:131,0
DA:132,0
DA:133,0
DA:136,0
DA:137,0
DA:138,0
DA:139,0
DA:140,0
DA:142,0
DA:143,0
DA:145,0
DA:146,0
DA:147,0
DA:148,0
DA:149,0
DA:150,0
DA:151,0
DA:152,0
DA:153,0
DA:154,0
DA:155,0
DA:156,0
DA:157,0
DA:160,0
DA:161,0
DA:168,0
DA:169,0
DA:171,0
DA:174,0
DA:175,0
DA:177,0
DA:183,0
DA:184,0
DA:185,0
DA:189,0
DA:190,0
DA:191,0
DA:192,0
DA:195,0
DA:196,0
DA:199,0
DA:202,0
DA:203,0
DA:204,0
DA:205,0
DA:208,0
DA:209,0
DA:210,0
DA:211,0
DA:214,0
DA:215,0
DA:216,0
DA:217,0
DA:218,0
DA:222,0
DA:223,0
DA:224,0
DA:226,0
DA:232,0
DA:233,0
DA:234,0
DA:235,0
DA:237,0
DA:238,0
DA:239,0
DA:240,0
DA:241,0
DA:242,0
DA:243,0
DA:246,0
DA:248,0
DA:249,0
DA:262,0
DA:265,0
DA:268,0
DA:271,0
DA:274,0
DA:280,0
DA:283,0
DA:286,0
DA:287,0
DA:290,0
DA:291,0
DA:292,0
DA:293,0
DA:294,0
DA:295,0
DA:296,0
DA:299,0
DA:300,0
DA:301,0
DA:307,0
DA:310,0
DA:311,0
DA:312,0
DA:313,0
DA:314,0
DA:315,0
DA:316,0
DA:317,0
DA:318,0
DA:320,0
DA:321,0
DA:322,0
DA:323,0
DA:324,0
DA:326,0
DA:327,0
DA:328,0
DA:329,0
DA:333,0
DA:336,0
DA:340,0
DA:341,0
DA:342,0
DA:343,0
DA:344,0
DA:347,0
DA:353,0
DA:354,0
DA:355,0
DA:357,0
DA:359,0
DA:370,0
DA:371,0
DA:372,0
DA:373,0
DA:374,0
DA:375,0
DA:376,0
DA:381,0
DA:382,0
DA:383,0
DA:386,0
DA:387,0
DA:388,0
DA:389,0
DA:390,0
DA:391,0
DA:392,0
DA:395,0
DA:398,0
DA:399,0
DA:403,0
DA:404,0
DA:408,0
DA:409,0
DA:410,0
DA:411,0
DA:412,0
DA:413,0
DA:415,0
DA:416,0
DA:418,0
DA:419,0
DA:420,0
DA:421,0
DA:424,0
DA:425,0
DA:427,0
DA:428,0
DA:431,0
DA:434,0
DA:435,0
DA:436,0
DA:437,0
DA:438,0
DA:439,0
DA:440,0
DA:441,0
DA:442,0
DA:447,0
DA:448,0
DA:450,0
DA:451,0
DA:452,0
DA:453,0
DA:458,0
DA:460,0
DA:461,0
DA:466,0
DA:467,0
DA:469,0
DA:470,0
DA:471,0
DA:477,0
DA:483,0
DA:485,0
DA:486,0
DA:488,0
DA:489,0
DA:491,0
DA:497,0
DA:502,0
DA:503,0
DA:504,0
DA:505,0
DA:506,0
DA:507,0
DA:508,0
DA:509,0
DA:510,0
DA:511,0
DA:512,0
DA:513,0
DA:514,0
DA:515,0
DA:518,0
DA:519,0
DA:522,0
DA:523,0
DA:524,0
DA:525,0
DA:526,0
DA:527,0
DA:528,0
DA:529,0
DA:530,0
DA:531,0
DA:535,0
DA:539,0
DA:542,0
DA:543,0
DA:546,0
DA:550,0
DA:551,0
DA:552,0
DA:554,0
DA:555,0
DA:556,0
DA:557,0
DA:560,0
DA:561,0
DA:562,0
DA:565,0
DA:566,0
DA:567,0
DA:570,0
DA:571,0
DA:572,0
DA:574,0
DA:577,0
DA:581,0
DA:582,0
DA:583,0
DA:584,0
DA:588,0
DA:590,0
DA:593,0
DA:594,0
DA:596,0
DA:597,0
DA:598,0
DA:599,0
DA:600,0
DA:601,0
DA:602,0
DA:604,0
DA:605,0
DA:606,0
DA:608,0
DA:609,0
DA:613,0
DA:615,0
DA:618,0
DA:619,0
DA:621,0
DA:622,0
DA:624,0
DA:625,0
DA:626,0
DA:627,0
DA:628,0
DA:629,0
DA:630,0
DA:632,0
DA:633,0
DA:634,0
DA:638,0
DA:639,0
DA:644,0
DA:647,0
DA:655,0
DA:656,0
DA:657,0
DA:658,0
DA:660,0
DA:661,0
DA:664,0
DA:667,0
DA:668,0
DA:672,0
DA:674,0
DA:675,0
DA:677,0
DA:678,0
DA:680,0
DA:681,0
DA:682,0
DA:684,0
DA:690,0
DA:692,0
DA:693,0
DA:694,0
DA:697,0
DA:698,0
DA:699,0
DA:700,0
DA:704,0
DA:706,0
DA:707,0
DA:708,0
DA:709,0
DA:710,0
DA:711,0
DA:712,0
DA:714,0
DA:715,0
DA:717,0
DA:718,0
DA:720,0
DA:722,0
DA:723,0
DA:728,0
DA:729,0
DA:730,0
DA:731,0
DA:732,0
DA:733,0
DA:734,0
DA:735,0
DA:739,0
DA:742,0
DA:743,0
DA:745,0
DA:746,0
DA:747,0
DA:749,0
DA:750,0
DA:752,0
DA:753,0
DA:754,0
DA:755,0
DA:757,0
DA:758,0
DA:759,0
DA:761,0
DA:762,0
DA:763,0
DA:764,0
DA:767,0
DA:768,0
DA:769,0
DA:770,0
DA:773,0
DA:774,0
DA:775,0
DA:776,0
DA:777,0
DA:778,0
DA:780,0
DA:781,0
DA:782,0
DA:783,0
DA:784,0
DA:785,0
DA:787,0
DA:788,0
DA:793,0
DA:794,0
DA:803,0
DA:804,0
DA:805,0
DA:806,0
DA:809,0
DA:810,0
DA:811,0
DA:812,0
DA:813,0
DA:814,0
DA:815,0
DA:816,0
DA:817,0
DA:819,0
DA:820,0
DA:823,0
DA:824,0
DA:825,0
DA:826,0
DA:827,0
DA:828,0
DA:830,0
DA:833,0
DA:838,0
DA:839,0
DA:840,0
DA:841,0
DA:843,0
DA:844,0
DA:845,0
DA:846,0
DA:847,0
DA:848,0
DA:855,0
DA:856,0
DA:863,0
DA:864,0
DA:865,0
DA:866,0
DA:869,0
DA:870,0
DA:871,0
DA:872,0
DA:873,0
DA:877,0
DA:878,0
DA:879,0
DA:880,0
DA:882,0
DA:883,0
DA:884,0
DA:889,0
DA:890,0
DA:892,0
DA:893,0
DA:894,0
DA:895,0
DA:908,0
DA:909,0
DA:910,0
DA:912,0
DA:913,0
DA:916,0
DA:917,0
DA:918,0
DA:919,0
DA:920,0
DA:921,0
DA:923,0
DA:926,0
DA:930,0
DA:933,0
DA:934,0
DA:935,0
DA:936,0
DA:937,0
DA:938,0
DA:940,0
DA:943,0
DA:947,0
DA:948,0
DA:949,0
DA:950,0
DA:951,0
DA:952,0
DA:953,0
DA:954,0
DA:955,0
DA:956,0
DA:958,0
DA:959,0
DA:960,0
DA:963,0
DA:964,0
DA:965,0
DA:975,0
DA:979,0
DA:981,0
DA:982,0
DA:983,0
DA:984,0
DA:987,0
DA:988,0
DA:989,0
DA:991,0
DA:992,0
DA:993,0
DA:994,0
DA:995,0
DA:996,0
DA:997,0
DA:1000,0
DA:1001,0
DA:1002,0
DA:1003,0
DA:1004,0
DA:1005,0
DA:1006,0
DA:1012,0
DA:1013,0
DA:1014,0
DA:1015,0
DA:1016,0
DA:1023,0
DA:1030,0
DA:1031,0
DA:1032,0
DA:1033,0
DA:1034,0
DA:1035,0
DA:1036,0
DA:1037,0
DA:1038,0
DA:1043,0
DA:1044,0
DA:1047,0
DA:1052,0
DA:1054,0
DA:1055,0
DA:1056,0
DA:1057,0
DA:1058,0
DA:1059,0
DA:1060,0
DA:1063,0
DA:1064,0
DA:1065,0
DA:1066,0
DA:1074,0
DA:1075,0
DA:1076,0
DA:1077,0
DA:1082,0
DA:1084,0
DA:1085,0
DA:1086,0
DA:1087,0
DA:1088,0
DA:1093,0
DA:1094,0
DA:1096,0
DA:1098,0
DA:1099,0
DA:1101,0
DA:1102,0
DA:1109,0
DA:1115,0
DA:1116,0
DA:1118,0
DA:1121,0
DA:1122,0
DA:1126,0
DA:1127,0
DA:1128,0
DA:1129,0
DA:1130,0
DA:1131,0
DA:1133,0
DA:1134,0
DA:1136,0
DA:1138,0
DA:1141,0
DA:1142,0
DA:1143,0
DA:1144,0
DA:1145,0
DA:1146,0
DA:1148,0
DA:1149,0
DA:1152,0
DA:1153,0
DA:1154,0
DA:1156,0
DA:1157,0
DA:1160,0
DA:1161,0
DA:1163,0
DA:1165,0
DA:1169,0
DA:1170,0
DA:1171,0
DA:1172,0
DA:1173,0
DA:1174,0
DA:1175,0
DA:1176,0
DA:1177,0
DA:1178,0
DA:1179,0
DA:1188,0
DA:1189,0
DA:1190,0
DA:1193,0
DA:1197,0
DA:1198,0
DA:1199,0
DA:1200,0
DA:1201,0
DA:1202,0
DA:1203,0
DA:1204,0
DA:1206,0
DA:1207,0
DA:1208,0
DA:1210,0
DA:1211,0
DA:1212,0
DA:1213,0
DA:1214,0
DA:1215,0
DA:1227,0
DA:1230,0
DA:1233,0
DA:1234,0
DA:1238,0
DA:1239,0
DA:1243,0
DA:1244,0
DA:1245,0
DA:1250,0
DA:1251,0
DA:1252,0
DA:1257,0
DA:1258,0
DA:1262,0
DA:1263,0
DA:1264,0
DA:1267,0
DA:1271,0
DA:1274,0
DA:1275,0
DA:1278,0
DA:1282,1
LF:701
LH:5
BRDA:19,0,0,0
BRDA:19,0,1,0
BRDA:19,1,0,0
BRDA:19,1,1,0
BRDA:24,2,0,0
BRDA:24,2,1,0
BRDA:24,3,0,0
BRDA:24,3,1,0
BRDA:28,4,0,0
BRDA:28,4,1,0
BRDA:31,5,0,0
BRDA:31,5,1,0
BRDA:46,6,0,0
BRDA:46,6,1,0
BRDA:49,7,0,0
BRDA:49,7,1,0
BRDA:73,8,0,0
BRDA:73,8,1,0
BRDA:79,9,0,0
BRDA:79,9,1,0
BRDA:84,10,0,0
BRDA:84,10,1,0
BRDA:84,11,0,0
BRDA:84,11,1,0
BRDA:87,12,0,0
BRDA:87,12,1,0
BRDA:94,13,0,0
BRDA:94,13,1,0
BRDA:94,14,0,0
BRDA:94,14,1,0
BRDA:97,15,0,0
BRDA:97,15,1,0
BRDA:109,16,0,0
BRDA:109,16,1,0
BRDA:114,17,0,0
BRDA:114,17,1,0
BRDA:129,18,0,0
BRDA:129,18,1,0
BRDA:137,19,0,0
BRDA:137,19,1,0
BRDA:140,20,0,0
BRDA:140,20,1,0
BRDA:147,21,0,0
BRDA:147,21,1,0
BRDA:149,22,0,0
BRDA:149,22,1,0
BRDA:151,23,0,0
BRDA:151,23,1,0
BRDA:151,24,0,0
BRDA:151,24,1,0
BRDA:153,25,0,0
BRDA:153,25,1,0
BRDA:155,26,0,0
BRDA:155,26,1,0
BRDA:168,27,0,0
BRDA:168,27,1,0
BRDA:174,28,0,0
BRDA:174,28,1,0
BRDA:174,29,0,0
BRDA:174,29,1,0
BRDA:184,30,0,0
BRDA:184,30,1,0
BRDA:210,31,0,0
BRDA:210,31,1,0
BRDA:215,32,0,0
BRDA:215,32,1,0
BRDA:217,33,0,0
BRDA:217,33,1,0
BRDA:233,34,0,0
BRDA:233,34,1,0
BRDA:241,35,0,0
BRDA:241,35,1,0
BRDA:262,36,0,0
BRDA:262,36,1,0
BRDA:265,37,0,0
BRDA:265,37,1,0
BRDA:271,38,0,0
BRDA:271,38,1,0
BRDA:274,39,0,0
BRDA:274,39,1,0
BRDA:292,40,0,0
BRDA:292,40,1,0
BRDA:294,41,0,0
BRDA:294,41,1,0
BRDA:295,42,0,0
BRDA:295,42,1,0
BRDA:300,43,0,0
BRDA:300,43,1,0
BRDA:318,44,0,0
BRDA:318,44,1,0
BRDA:321,45,0,0
BRDA:321,45,1,0
BRDA:323,46,0,0
BRDA:323,46,1,0
BRDA:326,47,0,0
BRDA:326,47,1,0
BRDA:343,48,0,0
BRDA:343,48,1,0
BRDA:354,49,0,0
BRDA:354,49,1,0
BRDA:357,50,0,0
BRDA:357,50,1,0
BRDA:373,51,0,0
BRDA:373,51,1,0
BRDA:375,52,0,0
BRDA:375,52,1,0
BRDA:382,53,0,0
BRDA:382,53,1,0
BRDA:386,54,0,0
BRDA:386,54,1,0
BRDA:386,55,0,0
BRDA:386,55,1,0
BRDA:390,56,0,0
BRDA:390,56,1,0
BRDA:391,57,0,0
BRDA:391,57,1,0
BRDA:392,58,0,0
BRDA:392,58,1,0
BRDA:392,59,0,0
BRDA:392,59,1,0
BRDA:392,59,2,0
BRDA:392,59,3,0
BRDA:398,60,0,0
BRDA:398,60,1,0
BRDA:398,61,0,0
BRDA:398,61,1,0
BRDA:398,61,2,0
BRDA:403,62,0,0
BRDA:403,62,1,0
BRDA:408,63,0,0
BRDA:408,63,1,0
BRDA:420,64,0,0
BRDA:420,64,1,0
BRDA:424,65,0,0
BRDA:424,65,1,0
BRDA:424,66,0,0
BRDA:424,66,1,0
BRDA:424,66,2,0
BRDA:427,67,0,0
BRDA:427,67,1,0
BRDA:427,68,0,0
BRDA:427,68,1,0
BRDA:427,68,2,0
BRDA:452,69,0,0
BRDA:452,69,1,0
BRDA:470,70,0,0
BRDA:470,70,1,0
BRDA:485,71,0,0
BRDA:485,71,1,0
BRDA:485,72,0,0
BRDA:485,72,1,0
BRDA:485,72,2,0
BRDA:488,73,0,0
BRDA:488,73,1,0
BRDA:488,74,0,0
BRDA:488,74,1,0
BRDA:488,74,2,0
BRDA:503,75,0,0
BRDA:503,75,1,0
BRDA:504,76,0,0
BRDA:504,76,1,0
BRDA:507,77,0,0
BRDA:507,77,1,0
BRDA:509,78,0,0
BRDA:509,78,1,0
BRDA:514,79,0,0
BRDA:514,79,1,0
BRDA:522,80,0,0
BRDA:522,80,1,0
BRDA:525,81,0,0
BRDA:525,81,1,0
BRDA:525,82,0,0
BRDA:525,82,1,0
BRDA:528,83,0,0
BRDA:528,83,1,0
BRDA:528,84,0,0
BRDA:528,84,1,0
BRDA:529,85,0,0
BRDA:529,85,1,0
BRDA:551,86,0,0
BRDA:551,86,1,0
BRDA:556,87,0,0
BRDA:556,87,1,0
BRDA:561,88,0,0
BRDA:561,88,1,0
BRDA:566,89,0,0
BRDA:566,89,1,0
BRDA:584,90,0,0
BRDA:584,90,1,0
BRDA:584,91,0,0
BRDA:584,91,1,0
BRDA:584,91,2,0
BRDA:584,91,3,0
BRDA:593,92,0,0
BRDA:593,92,1,0
BRDA:605,93,0,0
BRDA:605,93,1,0
BRDA:618,94,0,0
BRDA:618,94,1,0
BRDA:618,95,0,0
BRDA:618,95,1,0
BRDA:621,96,0,0
BRDA:621,96,1,0
BRDA:626,97,0,0
BRDA:626,97,1,0
BRDA:629,98,0,0
BRDA:629,98,1,0
BRDA:632,99,0,0
BRDA:632,99,1,0
BRDA:632,100,0,0
BRDA:632,100,1,0
BRDA:632,100,2,0
BRDA:633,101,0,0
BRDA:633,101,1,0
BRDA:638,102,0,0
BRDA:638,102,1,0
BRDA:656,103,0,0
BRDA:656,103,1,0
BRDA:657,104,0,0
BRDA:657,104,1,0
BRDA:674,105,0,0
BRDA:674,105,1,0
BRDA:677,106,0,0
BRDA:677,106,1,0
BRDA:684,107,0,0
BRDA:684,107,1,0
BRDA:684,108,0,0
BRDA:684,108,1,0
BRDA:684,108,2,0
BRDA:684,108,3,0
BRDA:684,108,4,0
BRDA:684,108,5,0
BRDA:692,109,0,0
BRDA:692,109,1,0
BRDA:693,110,0,0
BRDA:693,110,1,0
BRDA:697,111,0,0
BRDA:697,111,1,0
BRDA:699,112,0,0
BRDA:699,112,1,0
BRDA:709,113,0,0
BRDA:709,113,1,0
BRDA:711,114,0,0
BRDA:711,114,1,0
BRDA:712,115,0,0
BRDA:712,115,1,0
BRDA:714,116,0,0
BRDA:714,116,1,0
BRDA:717,117,0,0
BRDA:717,117,1,0
BRDA:720,118,0,0
BRDA:720,118,1,0
BRDA:745,119,0,0
BRDA:745,119,1,0
BRDA:745,120,0,0
BRDA:745,120,1,0
BRDA:746,121,0,0
BRDA:746,121,1,0
BRDA:749,122,0,0
BRDA:749,122,1,0
BRDA:752,123,0,0
BRDA:752,123,1,0
BRDA:761,124,0,0
BRDA:761,124,1,0
BRDA:763,125,0,0
BRDA:763,125,1,0
BRDA:768,126,0,0
BRDA:768,126,1,0
BRDA:793,127,0,0
BRDA:793,127,1,0
BRDA:812,128,0,0
BRDA:812,128,1,0
BRDA:812,129,0,0
BRDA:812,129,1,0
BRDA:814,130,0,0
BRDA:814,130,1,0
BRDA:815,131,0,0
BRDA:815,131,1,0
BRDA:816,132,0,0
BRDA:816,132,1,0
BRDA:819,133,0,0
BRDA:819,133,1,0
BRDA:824,134,0,0
BRDA:824,134,1,0
BRDA:825,135,0,0
BRDA:825,135,1,0
BRDA:826,136,0,0
BRDA:826,136,1,0
BRDA:839,137,0,0
BRDA:839,137,1,0
BRDA:840,138,0,0
BRDA:840,138,1,0
BRDA:840,139,0,0
BRDA:840,139,1,0
BRDA:844,140,0,0
BRDA:844,140,1,0
BRDA:845,141,0,0
BRDA:845,141,1,0
BRDA:845,142,0,0
BRDA:845,142,1,0
BRDA:855,143,0,0
BRDA:855,143,1,0
BRDA:864,144,0,0
BRDA:864,144,1,0
BRDA:869,145,0,0
BRDA:869,145,1,0
BRDA:869,146,0,0
BRDA:869,146,1,0
BRDA:872,147,0,0
BRDA:872,147,1,0
BRDA:872,148,0,0
BRDA:872,148,1,0
BRDA:879,149,0,0
BRDA:879,149,1,0
BRDA:892,150,0,0
BRDA:892,150,1,0
BRDA:892,151,0,0
BRDA:892,151,1,0
BRDA:892,151,2,0
BRDA:894,152,0,0
BRDA:894,152,1,0
BRDA:894,153,0,0
BRDA:894,153,1,0
BRDA:908,154,0,0
BRDA:908,154,1,0
BRDA:909,155,0,0
BRDA:909,155,1,0
BRDA:912,156,0,0
BRDA:912,156,1,0
BRDA:917,157,0,0
BRDA:917,157,1,0
BRDA:918,158,0,0
BRDA:918,158,1,0
BRDA:919,159,0,0
BRDA:919,159,1,0
BRDA:934,160,0,0
BRDA:934,160,1,0
BRDA:934,161,0,0
BRDA:934,161,1,0
BRDA:934,161,2,0
BRDA:935,162,0,0
BRDA:935,162,1,0
BRDA:936,163,0,0
BRDA:936,163,1,0
BRDA:949,164,0,0
BRDA:949,164,1,0
BRDA:951,165,0,0
BRDA:951,165,1,0
BRDA:951,165,2,0
BRDA:952,166,0,0
BRDA:952,166,1,0
BRDA:963,167,0,0
BRDA:963,167,1,0
BRDA:964,168,0,0
BRDA:964,168,1,0
BRDA:964,169,0,0
BRDA:964,169,1,0
BRDA:970,170,0,0
BRDA:970,170,1,0
BRDA:983,171,0,0
BRDA:983,171,1,0
BRDA:983,172,0,0
BRDA:983,172,1,0
BRDA:983,172,2,0
BRDA:983,172,3,0
BRDA:983,172,4,0
BRDA:983,172,5,0
BRDA:991,173,0,0
BRDA:991,173,1,0
BRDA:992,174,0,0
BRDA:992,174,1,0
BRDA:993,175,0,0
BRDA:993,175,1,0
BRDA:995,176,0,0
BRDA:995,176,1,0
BRDA:1002,177,0,0
BRDA:1002,177,1,0
BRDA:1002,178,0,0
BRDA:1002,178,1,0
BRDA:1005,179,0,0
BRDA:1005,179,1,0
BRDA:1005,180,0,0
BRDA:1005,180,1,0
BRDA:1015,181,0,0
BRDA:1015,181,1,0
BRDA:1032,182,0,0
BRDA:1032,182,1,0
BRDA:1034,183,0,0
BRDA:1034,183,1,0
BRDA:1036,184,0,0
BRDA:1036,184,1,0
BRDA:1037,185,0,0
BRDA:1037,185,1,0
BRDA:1055,186,0,0
BRDA:1055,186,1,0
BRDA:1056,187,0,0
BRDA:1056,187,1,0
BRDA:1056,188,0,0
BRDA:1056,188,1,0
BRDA:1059,189,0,0
BRDA:1059,189,1,0
BRDA:1059,190,0,0
BRDA:1059,190,1,0
BRDA:1063,191,0,0
BRDA:1063,191,1,0
BRDA:1063,192,0,0
BRDA:1063,192,1,0
BRDA:1063,192,2,0
BRDA:1063,192,3,0
BRDA:1065,193,0,0
BRDA:1065,193,1,0
BRDA:1074,194,0,0
BRDA:1074,194,1,0
BRDA:1074,195,0,0
BRDA:1074,195,1,0
BRDA:1074,195,2,0
BRDA:1077,196,0,0
BRDA:1077,196,1,0
BRDA:1101,197,0,0
BRDA:1101,197,1,0
BRDA:1101,198,0,0
BRDA:1101,198,1,0
BRDA:1110,199,0,0
BRDA:1110,199,1,0
BRDA:1130,200,0,0
BRDA:1130,200,1,0
BRDA:1130,201,0,0
BRDA:1130,201,1,0
BRDA:1133,202,0,0
BRDA:1133,202,1,0
BRDA:1133,203,0,0
BRDA:1133,203,1,0
BRDA:1144,204,0,0
BRDA:1144,204,1,0
BRDA:1145,205,0,0
BRDA:1145,205,1,0
BRDA:1145,206,0,0
BRDA:1145,206,1,0
BRDA:1148,207,0,0
BRDA:1148,207,1,0
BRDA:1148,208,0,0
BRDA:1148,208,1,0
BRDA:1152,209,0,0
BRDA:1152,209,1,0
BRDA:1153,210,0,0
BRDA:1153,210,1,0
BRDA:1153,211,0,0
BRDA:1153,211,1,0
BRDA:1156,212,0,0
BRDA:1156,212,1,0
BRDA:1156,213,0,0
BRDA:1156,213,1,0
BRDA:1160,214,0,0
BRDA:1160,214,1,0
BRDA:1160,215,0,0
BRDA:1160,215,1,0
BRDA:1171,216,0,0
BRDA:1171,216,1,0
BRDA:1173,217,0,0
BRDA:1173,217,1,0
BRDA:1175,218,0,0
BRDA:1175,218,1,0
BRDA:1175,219,0,0
BRDA:1175,219,1,0
BRDA:1177,220,0,0
BRDA:1177,220,1,0
BRDA:1178,221,0,0
BRDA:1178,221,1,0
BRDA:1189,222,0,0
BRDA:1189,222,1,0
BRDA:1244,223,0,0
BRDA:1244,223,1,0
BRDA:1251,224,0,0
BRDA:1251,224,1,0
BRDA:1263,225,0,0
BRDA:1263,225,1,0
BRDA:1274,226,0,0
BRDA:1274,226,1,0
BRF:478
BRH:0
end_of_record
TN:
SF:/Users/kristianmandrup/repos/tecla5/red-ui/packages/red-shared/src/nodes/registry.ts
FN:5,(anonymous_0)
FN:26,(anonymous_1)
FN:34,(anonymous_2)
FN:38,(anonymous_3)
FN:44,(anonymous_4)
FN:47,(anonymous_5)
FN:50,(anonymous_6)
FN:53,(anonymous_7)
FN:63,(anonymous_8)
FN:83,(anonymous_9)
FN:103,(anonymous_10)
FN:106,(anonymous_11)
FN:112,(anonymous_12)
FN:118,(anonymous_13)
FN:133,(anonymous_14)
FN:149,(anonymous_15)
FN:158,(anonymous_16)
FNF:17
FNH:0
FNDA:0,(anonymous_0)
FNDA:0,(anonymous_1)
FNDA:0,(anonymous_2)
FNDA:0,(anonymous_3)
FNDA:0,(anonymous_4)
FNDA:0,(anonymous_5)
FNDA:0,(anonymous_6)
FNDA:0,(anonymous_7)
FNDA:0,(anonymous_8)
FNDA:0,(anonymous_9)
FNDA:0,(anonymous_10)
FNDA:0,(anonymous_11)
FNDA:0,(anonymous_12)
FNDA:0,(anonymous_13)
FNDA:0,(anonymous_14)
FNDA:0,(anonymous_15)
FNDA:0,(anonymous_16)
DA:2,1
DA:3,1
DA:6,0
DA:7,0
DA:8,0
DA:9,0
DA:10,0
DA:11,0
DA:12,0
DA:27,0
DA:28,0
DA:29,0
DA:35,0
DA:36,0
DA:39,0
DA:42,0
DA:45,0
DA:48,0
DA:51,0
DA:54,0
DA:57,0
DA:58,0
DA:59,0
DA:60,0
DA:64,0
DA:65,0
DA:66,0
DA:67,0
DA:68,0
DA:70,0
DA:71,0
DA:77,0
DA:78,0
DA:80,0
DA:81,0
DA:84,0
DA:85,0
DA:86,0
DA:87,0
DA:89,0
DA:90,0
DA:91,0
DA:92,0
DA:93,0
DA:96,0
DA:97,0
DA:98,0
DA:100,0
DA:101,0
DA:104,0
DA:107,0
DA:108,0
DA:109,0
DA:110,0
DA:113,0
DA:114,0
DA:115,0
DA:116,0
DA:119,0
DA:120,0
DA:121,0
DA:122,0
DA:123,0
DA:124,0
DA:125,0
DA:127,0
DA:128,0
DA:131,0
DA:133,0
DA:134,0
DA:135,0
DA:136,0
DA:137,0
DA:139,0
DA:140,0
DA:141,0
DA:143,0
DA:147,0
DA:150,0
DA:151,0
DA:153,0
DA:155,0
DA:156,0
DA:159,0
DA:162,1
LF:85
LH:3
BRDA:71,0,0,0
BRDA:71,0,1,0
BRDA:77,1,0,0
BRDA:77,1,1,0
BRDA:91,2,0,0
BRDA:91,2,1,0
BRDA:97,3,0,0
BRDA:97,3,1,0
BRDA:122,4,0,0
BRDA:122,4,1,0
BRDA:127,5,0,0
BRDA:127,5,1,0
BRDA:136,6,0,0
BRDA:136,6,1,0
BRDA:140,7,0,0
BRDA:140,7,1,0
BRDA:151,8,0,0
BRDA:151,8,1,0
BRF:18
BRH:0
end_of_record
TN:
SF:/Users/kristianmandrup/repos/tecla5/red-ui/packages/red-shared/src/text/bidi.ts
FN:20,(anonymous_0)
FN:25,(anonymous_1)
FN:41,(anonymous_2)
FN:49,(anonymous_3)
FN:56,(anonymous_4)
FN:72,(anonymous_5)
FN:83,(anonymous_6)
FN:96,(anonymous_7)
FN:115,(anonymous_8)
FN:119,(anonymous_9)
FN:122,(anonymous_10)
FN:130,(anonymous_11)
FN:135,(anonymous_12)
FNF:13
FNH:0
FNDA:0,(anonymous_0)
FNDA:0,(anonymous_1)
FNDA:0,(anonymous_2)
FNDA:0,(anonymous_3)
FNDA:0,(anonymous_4)
FNDA:0,(anonymous_5)
FNDA:0,(anonymous_6)
FNDA:0,(anonymous_7)
FNDA:0,(anonymous_8)
FNDA:0,(anonymous_9)
FNDA:0,(anonymous_10)
FNDA:0,(anonymous_11)
FNDA:0,(anonymous_12)
DA:17,1
DA:18,1
DA:21,0
DA:22,0
DA:23,0
DA:26,0
DA:30,0
DA:31,0
DA:32,0
DA:33,0
DA:35,0
DA:36,0
DA:39,0
DA:42,0
DA:50,0
DA:57,0
DA:60,0
DA:61,0
DA:62,0
DA:65,0
DA:69,0
DA:73,0
DA:76,0
DA:84,0
DA:87,0
DA:89,0
DA:97,0
DA:100,0
DA:101,0
DA:102,0
DA:103,0
DA:105,0
DA:106,0
DA:109,0
DA:116,0
DA:119,0
DA:120,0
DA:122,0
DA:123,0
DA:131,0
DA:134,0
DA:135,0
DA:136,0
DA:138,0
DA:139,0
DA:140,0
DA:143,1
LF:47
LH:3
BRDA:32,0,0,0
BRDA:32,0,1,0
BRDA:35,1,0,0
BRDA:35,1,1,0
BRDA:42,2,0,0
BRDA:42,2,1,0
BRDA:42,2,2,0
BRDA:42,2,3,0
BRDA:42,2,4,0
BRDA:42,2,5,0
BRDA:42,2,6,0
BRDA:42,2,7,0
BRDA:42,2,8,0
BRDA:42,2,9,0
BRDA:42,2,10,0
BRDA:42,2,11,0
BRDA:50,3,0,0
BRDA:50,3,1,0
BRDA:50,3,2,0
BRDA:50,3,3,0
BRDA:60,4,0,0
BRDA:60,4,1,0
BRDA:61,5,0,0
BRDA:61,5,1,0
BRDA:100,6,0,0
BRDA:100,6,1,0
BRDA:102,7,0,0
BRDA:102,7,1,0
BRDA:105,8,0,0
BRDA:105,8,1,0
BRF:30
BRH:0
end_of_record
TN:
SF:/Users/kristianmandrup/repos/tecla5/red-ui/packages/red-shared/src/text/index.ts
FNF:0
FNH:0
DA:2,1
DA:3,1
DA:4,1
DA:5,1
DA:6,1
DA:7,1
LF:6
LH:6
BRF:0
BRH:0
end_of_record
TN:
SF:/Users/kristianmandrup/repos/tecla5/red-ui/packages/red-shared/src/text/format/_utils.js
FN:1,getHandler
FN:28,isInputEventSupported
FN:44,attachElement
FN:69,(anonymous_3)
FN:73,(anonymous_4)
FN:77,(anonymous_5)
FN:87,detachElement
FN:98,displayWithStructure
FNF:8
FNH:0
FNDA:0,getHandler
FNDA:0,isInputEventSupported
FNDA:0,attachElement
FNDA:0,(anonymous_3)
FNDA:0,(anonymous_4)
FNDA:0,(anonymous_5)
FNDA:0,detachElement
FNDA:0,displayWithStructure
DA:2,0
DA:4,0
DA:6,0
DA:8,0
DA:10,0
DA:12,0
DA:14,0
DA:16,0
DA:18,0
DA:20,0
DA:22,0
DA:24,0
DA:29,0
DA:30,0
DA:31,0
DA:33,0
DA:34,0
DA:35,0
DA:36,0
DA:37,0
DA:38,0
DA:40,0
DA:41,0
DA:46,0
DA:47,0
DA:49,0
DA:50,0
DA:51,0
DA:53,0
DA:54,0
DA:55,0
DA:56,0
DA:57,0
DA:58,0
DA:59,0
DA:60,0
DA:61,0
DA:63,0
DA:65,0
DA:66,0
DA:67,0
DA:68,0
DA:69,0
DA:70,0
DA:73,0
DA:74,0
DA:75,0
DA:77,0
DA:78,0
DA:79,0
DA:82,0
DA:84,0
DA:88,0
DA:89,0
DA:91,0
DA:92,0
DA:93,0
DA:94,0
DA:95,0
DA:99,0
DA:100,0
DA:101,0
DA:102,0
DA:103,0
DA:106,0
DA:107,0
DA:109,0
DA:110,0
DA:111,0
DA:112,0
DA:113,0
DA:115,0
DA:116,0
DA:117,0
DA:118,0
DA:119,0
DA:121,0
DA:124,0
DA:125,0
DA:126,0
DA:127,0
DA:128,0
DA:129,0
DA:130,0
DA:131,0
DA:132,0
DA:133,0
DA:134,0
DA:135,0
DA:137,0
DA:138,0
DA:140,0
DA:141,0
DA:142,0
DA:143,0
DA:145,0
DA:147,0
DA:148,0
DA:149,0
DA:150,0
DA:152,0
DA:153,0
DA:155,0
DA:156,0
DA:160,0
DA:161,0
LF:106
LH:0
BRDA:2,0,0,0
BRDA:2,0,1,0
BRDA:2,0,2,0
BRDA:2,0,3,0
BRDA:2,0,4,0
BRDA:2,0,5,0
BRDA:2,0,6,0
BRDA:2,0,7,0
BRDA:2,0,8,0
BRDA:2,0,9,0
BRDA:2,0,10,0
BRDA:30,1,0,0
BRDA:30,1,1,0
BRDA:30,2,0,0
BRDA:30,2,1,0
BRDA:30,2,2,0
BRDA:36,3,0,0
BRDA:36,3,1,0
BRDA:46,4,0,0
BRDA:46,4,1,0
BRDA:46,5,0,0
BRDA:46,5,1,0
BRDA:49,6,0,0
BRDA:49,6,1,0
BRDA:54,7,0,0
BRDA:54,7,1,0
BRDA:54,8,0,0
BRDA:54,8,1,0
BRDA:57,9,0,0
BRDA:57,9,1,0
BRDA:58,10,0,0
BRDA:58,10,1,0
BRDA:60,11,0,0
BRDA:60,11,1,0
BRDA:60,12,0,0
BRDA:60,12,1,0
BRDA:67,13,0,0
BRDA:67,13,1,0
BRDA:88,14,0,0
BRDA:88,14,1,0
BRDA:88,15,0,0
BRDA:88,15,1,0
BRDA:95,16,0,0
BRDA:95,16,1,0
BRDA:99,17,0,0
BRDA:99,17,1,0
BRDA:101,18,0,0
BRDA:101,18,1,0
BRDA:101,19,0,0
BRDA:101,19,1,0
BRDA:101,19,2,0
BRDA:112,20,0,0
BRDA:112,20,1,0
BRDA:122,21,0,0
BRDA:122,21,1,0
BRDA:132,22,0,0
BRDA:132,22,1,0
BRDA:133,23,0,0
BRDA:133,23,1,0
BRDA:140,24,0,0
BRDA:140,24,1,0
BRDA:148,25,0,0
BRDA:148,25,1,0
BRDA:155,26,0,0
BRDA:155,26,1,0
BRF:65
BRH:0
end_of_record
TN:
SF:/Users/kristianmandrup/repos/tecla5/red-ui/packages/red-shared/src/text/format/breadcrumb.js
FN:7,(anonymous_0)
FNF:1
FNH:0
FNDA:0,(anonymous_0)
DA:8,0
DA:27,0
DA:28,0
DA:30,0
DA:35,1
LF:5
LH:1
BRDA:9,0,0,0
BRDA:9,0,1,0
BRDA:10,1,0,0
BRDA:10,1,1,0
BRDA:10,2,0,0
BRDA:10,2,1,0
BRDA:14,3,0,0
BRDA:14,3,1,0
BRDA:21,4,0,0
BRDA:21,4,1,0
BRDA:27,5,0,0
BRDA:27,5,1,0
BRF:12
BRH:0
end_of_record
TN:
SF:/Users/kristianmandrup/repos/tecla5/red-ui/packages/red-shared/src/text/format/comma.js
FN:7,(anonymous_0)
FNF:1
FNH:0
FNDA:0,(anonymous_0)
DA:8,0
DA:13,0
DA:14,0
DA:16,0
DA:20,1
LF:5
LH:1
BRDA:9,0,0,0
BRDA:9,0,1,0
BRDA:13,1,0,0
BRDA:13,1,1,0
BRF:4
BRH:0
end_of_record
TN:
SF:/Users/kristianmandrup/repos/tecla5/red-ui/packages/red-shared/src/text/format/common.js
FN:6,(anonymous_0)
FNF:1
FNH:0
FNDA:0,(anonymous_0)
DA:7,0
DA:8,0
DA:9,0
DA:11,0
DA:12,0
DA:13,0
DA:14,0
DA:15,0
DA:16,0
DA:19,0
DA:20,0
DA:21,0
DA:23,0
DA:24,0
DA:25,0
DA:28,0
DA:29,0
DA:30,0
DA:31,0
DA:32,0
DA:36,1
LF:21
LH:1
BRDA:8,0,0,0
BRDA:8,0,1,0
BRDA:12,1,0,0
BRDA:12,1,1,0
BRDA:13,2,0,0
BRDA:13,2,1,0
BRDA:15,3,0,0
BRDA:15,3,1,0
BRDA:20,4,0,0
BRDA:20,4,1,0
BRDA:24,5,0,0
BRDA:24,5,1,0
BRF:12
BRH:0
end_of_record
TN:
SF:/Users/kristianmandrup/repos/tecla5/red-ui/packages/red-shared/src/text/format/custom.js
FN:7,(anonymous_0)
FNF:1
FNH:0
FNDA:0,(anonymous_0)
DA:8,0
DA:9,0
DA:10,0
DA:11,0
DA:12,0
DA:13,0
DA:16,0
DA:17,0
DA:18,0
DA:19,0
DA:21,0
DA:26,1
LF:12
LH:1
BRDA:10,0,0,0
BRDA:10,0,1,0
BRDA:12,1,0,0
BRDA:12,1,1,0
BRDA:16,2,0,0
BRDA:16,2,1,0
BRDA:17,3,0,0
BRDA:17,3,1,0
BRDA:18,4,0,0
BRDA:18,4,1,0
BRF:10
BRH:0
end_of_record
TN:
SF:/Users/kristianmandrup/repos/tecla5/red-ui/packages/red-shared/src/text/format/email.js
FN:11,(anonymous_0)
FN:23,(anonymous_1)
FNF:2
FNH:0
FNDA:0,(anonymous_0)
FNDA:0,(anonymous_1)
DA:12,0
DA:13,0
DA:15,0
DA:16,0
DA:17,0
DA:19,0
DA:24,0
DA:44,0
DA:45,0
DA:47,0
DA:52,1
LF:11
LH:1
BRDA:12,0,0,0
BRDA:12,0,1,0
BRDA:16,1,0,0
BRDA:16,1,1,0
BRDA:16,2,0,0
BRDA:16,2,1,0
BRDA:17,3,0,0
BRDA:17,3,1,0
BRDA:25,4,0,0
BRDA:25,4,1,0
BRDA:44,5,0,0
BRDA:44,5,1,0
BRF:12
BRH:0
end_of_record
TN:
SF:/Users/kristianmandrup/repos/tecla5/red-ui/packages/red-shared/src/text/format/filepath.js
FN:7,(anonymous_0)
FNF:1
FNH:0
FNDA:0,(anonymous_0)
DA:8,0
DA:13,0
DA:14,0
DA:16,0
DA:21,1
LF:5
LH:1
BRDA:9,0,0,0
BRDA:9,0,1,0
BRDA:13,1,0,0
BRDA:13,1,1,0
BRF:4
BRH:0
end_of_record
TN:
SF:/Users/kristianmandrup/repos/tecla5/red-ui/packages/red-shared/src/text/format/formula.js
FN:7,(anonymous_0)
FNF:1
FNH:0
FNDA:0,(anonymous_0)
DA:8,0
DA:13,0
DA:14,0
DA:16,0
DA:21,1
LF:5
LH:1
BRDA:9,0,0,0
BRDA:9,0,1,0
BRDA:13,1,0,0
BRDA:13,1,1,0
BRF:4
BRH:0
end_of_record
TN:
SF:/Users/kristianmandrup/repos/tecla5/red-ui/packages/red-shared/src/text/format/index.js
FN:120,(anonymous_0)
FN:131,(anonymous_1)
FNF:2
FNH:0
FNDA:0,(anonymous_0)
FNDA:0,(anonymous_1)
DA:85,1
DA:108,1
DA:121,0
DA:132,0
LF:4
LH:2
BRF:0
BRH:0
end_of_record
TN:
SF:/Users/kristianmandrup/repos/tecla5/red-ui/packages/red-shared/src/text/format/message.js
FN:7,(anonymous_0)
FN:23,(anonymous_1)
FN:30,(anonymous_2)
FN:51,(anonymous_3)
FN:66,(anonymous_4)
FNF:5
FNH:1
FNDA:1,(anonymous_0)
FNDA:0,(anonymous_1)
FNDA:0,(anonymous_2)
FNDA:0,(anonymous_3)
FNDA:0,(anonymous_4)
DA:8,1
DA:20,1
DA:24,0
DA:25,0
DA:27,0
DA:31,0
DA:32,0
DA:34,0
DA:35,0
DA:36,0
DA:38,0
DA:39,0
DA:40,0
DA:42,0
DA:43,0
DA:44,0
DA:46,0
DA:47,0
DA:55,0
DA:57,0
DA:58,0
DA:59,0
DA:62,0
DA:63,0
DA:70,0
DA:72,0
DA:73,0
DA:74,0
DA:76,0
DA:77,0
DA:78,0
DA:79,0
DA:80,0
DA:81,0
DA:82,0
DA:83,0
DA:84,0
DA:88,0
DA:90,0
DA:91,0
DA:92,0
DA:93,0
DA:94,0
DA:95,0
DA:96,0
DA:101,0
DA:105,0
DA:106,0
DA:108,0
DA:109,0
DA:115,0
DA:116,0
DA:117,0
DA:118,0
DA:119,0
DA:120,0
DA:121,0
DA:122,0
DA:123,0
DA:124,0
DA:126,0
DA:128,0
DA:129,0
DA:130,0
DA:135,0
DA:136,0
DA:137,0
DA:138,0
DA:139,0
DA:140,0
DA:142,0
DA:143,0
DA:145,0
DA:147,0
DA:150,0
DA:156,0
DA:157,0
DA:158,0
DA:159,0
DA:161,0
DA:167,0
DA:168,0
DA:169,0
DA:170,0
DA:171,0
DA:176,0
DA:177,0
DA:178,0
DA:182,0
DA:184,0
DA:185,0
DA:186,0
DA:188,0
DA:189,0
DA:190,0
DA:191,0
DA:192,0
DA:195,0
DA:196,0
DA:198,0
DA:199,0
DA:201,0
DA:205,0
DA:212,0
DA:216,0
DA:220,1
LF:106
LH:3
BRDA:24,0,0,0
BRDA:24,0,1,0
BRDA:24,1,0,0
BRDA:24,1,1,0
BRDA:24,1,2,0
BRDA:31,2,0,0
BRDA:31,2,1,0
BRDA:34,3,0,0
BRDA:34,3,1,0
BRDA:34,4,0,0
BRDA:34,4,1,0
BRDA:34,4,2,0
BRDA:35,5,0,0
BRDA:35,5,1,0
BRDA:38,6,0,0
BRDA:38,6,1,0
BRDA:39,7,0,0
BRDA:39,7,1,0
BRDA:40,8,0,0
BRDA:40,8,1,0
BRDA:42,9,0,0
BRDA:42,9,1,0
BRDA:42,10,0,0
BRDA:42,10,1,0
BRDA:42,10,2,0
BRDA:43,11,0,0
BRDA:43,11,1,0
BRDA:46,12,0,0
BRDA:46,12,1,0
BRDA:58,13,0,0
BRDA:58,13,1,0
BRDA:72,14,0,0
BRDA:72,14,1,0
BRDA:80,15,0,0
BRDA:80,15,1,0
BRDA:82,16,0,0
BRDA:82,16,1,0
BRDA:95,17,0,0
BRDA:95,17,1,0
BRDA:108,18,0,0
BRDA:108,18,1,0
BRDA:116,19,0,0
BRDA:116,19,1,0
BRDA:121,20,0,0
BRDA:121,20,1,0
BRDA:123,21,0,0
BRDA:123,21,1,0
BRDA:129,22,0,0
BRDA:129,22,1,0
BRDA:135,23,0,0
BRDA:135,23,1,0
BRDA:137,24,0,0
BRDA:137,24,1,0
BRDA:139,25,0,0
BRDA:139,25,1,0
BRDA:142,26,0,0
BRDA:142,26,1,0
BRDA:142,27,0,0
BRDA:142,27,1,0
BRDA:145,28,0,0
BRDA:145,28,1,0
BRDA:145,29,0,0
BRDA:145,29,1,0
BRDA:145,29,2,0
BRDA:145,29,3,0
BRDA:145,29,4,0
BRDA:156,30,0,0
BRDA:156,30,1,0
BRDA:158,31,0,0
BRDA:158,31,1,0
BRDA:170,32,0,0
BRDA:170,32,1,0
BRDA:177,33,0,0
BRDA:177,33,1,0
BRDA:177,34,0,0
BRDA:177,34,1,0
BRDA:185,35,0,0
BRDA:185,35,1,0
BRDA:188,36,0,0
BRDA:188,36,1,0
BRDA:189,37,0,0
BRDA:189,37,1,0
BRDA:191,38,0,0
BRDA:191,38,1,0
BRDA:195,39,0,0
BRDA:195,39,1,0
BRDA:196,40,0,0
BRDA:196,40,1,0
BRDA:207,41,0,0
BRDA:207,41,1,0
BRF:90
BRH:0
end_of_record
TN:
SF:/Users/kristianmandrup/repos/tecla5/red-ui/packages/red-shared/src/text/format/misc.js
FN:10,(anonymous_0)
FN:20,(anonymous_1)
FN:25,(anonymous_2)
FN:31,(anonymous_3)
FN:51,(anonymous_4)
FN:58,(anonymous_5)
FN:65,(anonymous_6)
FN:75,(anonymous_7)
FN:80,(anonymous_8)
FN:115,(anonymous_9)
FN:120,(anonymous_10)
FN:124,(anonymous_11)
FNF:12
FNH:1
FNDA:1,(anonymous_0)
FNDA:0,(anonymous_1)
FNDA:0,(anonymous_2)
FNDA:0,(anonymous_3)
FNDA:0,(anonymous_4)
FNDA:0,(anonymous_5)
FNDA:0,(anonymous_6)
FNDA:0,(anonymous_7)
FNDA:0,(anonymous_8)
FNDA:0,(anonymous_9)
FNDA:0,(anonymous_10)
FNDA:0,(anonymous_11)
DA:1,1
DA:2,1
DA:3,1
DA:4,1
DA:5,1
DA:6,1
DA:7,1
DA:11,1
DA:12,1
DA:13,1
DA:14,1
DA:15,1
DA:16,1
DA:17,1
DA:21,0
DA:22,0
DA:23,0
DA:25,0
DA:26,0
DA:32,0
DA:33,0
DA:38,0
DA:39,0
DA:40,0
DA:41,0
DA:46,0
DA:52,0
DA:53,0
DA:55,0
DA:59,0
DA:60,0
DA:62,0
DA:66,0
DA:67,0
DA:69,0
DA:70,0
DA:71,0
DA:72,0
DA:76,0
DA:77,0
DA:81,0
DA:82,0
DA:83,0
DA:84,0
DA:86,0
DA:87,0
DA:89,0
DA:90,0
DA:92,0
DA:93,0
DA:95,0
DA:96,0
DA:98,0
DA:99,0
DA:101,0
DA:102,0
DA:104,0
DA:105,0
DA:107,0
DA:110,0
DA:112,0
DA:116,0
DA:117,0
DA:121,0
DA:125,0
DA:129,1
LF:66
LH:15
BRDA:21,0,0,0
BRDA:21,0,1,0
BRDA:22,1,0,0
BRDA:22,1,1,0
BRDA:22,2,0,0
BRDA:22,2,1,0
BRDA:32,3,0,0
BRDA:32,3,1,0
BRDA:33,4,0,0
BRDA:33,4,1,0
BRDA:34,5,0,0
BRDA:34,5,1,0
BRDA:34,5,2,0
BRDA:39,6,0,0
BRDA:39,6,1,0
BRDA:43,7,0,0
BRDA:43,7,1,0
BRDA:52,8,0,0
BRDA:52,8,1,0
BRDA:59,9,0,0
BRDA:59,9,1,0
BRDA:66,10,0,0
BRDA:66,10,1,0
BRDA:66,11,0,0
BRDA:66,11,1,0
BRDA:69,12,0,0
BRDA:69,12,1,0
BRDA:70,13,0,0
BRDA:70,13,1,0
BRDA:72,14,0,0
BRDA:72,14,1,0
BRDA:72,15,0,0
BRDA:72,15,1,0
BRDA:84,16,0,0
BRDA:84,16,1,0
BRDA:84,16,2,0
BRDA:84,16,3,0
BRDA:84,16,4,0
BRDA:84,16,5,0
BRDA:84,16,6,0
BRDA:84,16,7,0
BRDA:110,17,0,0
BRDA:110,17,1,0
BRDA:110,18,0,0
BRDA:110,18,1,0
BRDA:111,19,0,0
BRDA:111,19,1,0
BRDA:112,20,0,0
BRDA:112,20,1,0
BRF:49
BRH:0
end_of_record
TN:
SF:/Users/kristianmandrup/repos/tecla5/red-ui/packages/red-shared/src/text/format/sql.js
FN:7,(anonymous_0)
FNF:1
FNH:0
FNDA:0,(anonymous_0)
DA:8,0
DA:54,0
DA:55,0
DA:57,0
DA:62,1
LF:5
LH:1
BRDA:9,0,0,0
BRDA:9,0,1,0
BRDA:54,1,0,0
BRDA:54,1,1,0
BRF:4
BRH:0
end_of_record
TN:
SF:/Users/kristianmandrup/repos/tecla5/red-ui/packages/red-shared/src/text/format/stext.js
FN:20,(anonymous_0)
FN:27,(anonymous_1)
FN:51,(anonymous_2)
FN:71,(anonymous_3)
FN:80,(anonymous_4)
FN:126,(anonymous_5)
FN:174,(anonymous_6)
FNF:7
FNH:0
FNDA:0,(anonymous_0)
FNDA:0,(anonymous_1)
FNDA:0,(anonymous_2)
FNDA:0,(anonymous_3)
FNDA:0,(anonymous_4)
FNDA:0,(anonymous_5)
FNDA:0,(anonymous_6)
DA:21,0
DA:22,0
DA:24,0
DA:28,0
DA:29,0
DA:30,0
DA:32,0
DA:33,0
DA:35,0
DA:36,0
DA:38,0
DA:39,0
DA:41,0
DA:42,0
DA:44,0
DA:45,0
DA:47,0
DA:48,0
DA:52,0
DA:53,0
DA:57,0
DA:58,0
DA:63,0
DA:64,0
DA:65,0
DA:67,0
DA:68,0
DA:72,0
DA:73,0
DA:74,0
DA:76,0
DA:81,0
DA:82,0
DA:83,0
DA:84,0
DA:85,0
DA:86,0
DA:87,0
DA:88,0
DA:89,0
DA:90,0
DA:91,0
DA:92,0
DA:93,0
DA:94,0
DA:97,0
DA:98,0
DA:100,0
DA:101,0
DA:102,0
DA:104,0
DA:105,0
DA:107,0
DA:108,0
DA:109,0
DA:110,0
DA:111,0
DA:113,0
DA:114,0
DA:116,0
DA:119,0
DA:120,0
DA:121,0
DA:123,0
DA:127,0
DA:128,0
DA:129,0
DA:130,0
DA:131,0
DA:132,0
DA:133,0
DA:134,0
DA:135,0
DA:136,0
DA:137,0
DA:138,0
DA:139,0
DA:143,0
DA:144,0
DA:146,0
DA:148,0
DA:149,0
DA:151,0
DA:152,0
DA:154,0
DA:155,0
DA:156,0
DA:157,0
DA:158,0
DA:160,0
DA:161,0
DA:163,0
DA:166,0
DA:167,0
DA:168,0
DA:170,0
DA:175,0
DA:179,1
LF:98
LH:1
BRDA:21,0,0,0
BRDA:21,0,1,0
BRDA:21,1,0,0
BRDA:21,1,1,0
BRDA:28,2,0,0
BRDA:28,2,1,0
BRDA:29,3,0,0
BRDA:29,3,1,0
BRDA:32,4,0,0
BRDA:32,4,1,0
BRDA:35,5,0,0
BRDA:35,5,1,0
BRDA:38,6,0,0
BRDA:38,6,1,0
BRDA:41,7,0,0
BRDA:41,7,1,0
BRDA:44,8,0,0
BRDA:44,8,1,0
BRDA:52,9,0,0
BRDA:52,9,1,0
BRDA:52,10,0,0
BRDA:52,10,1,0
BRDA:64,11,0,0
BRDA:64,11,1,0
BRDA:64,12,0,0
BRDA:64,12,1,0
BRDA:73,13,0,0
BRDA:73,13,1,0
BRDA:86,14,0,0
BRDA:86,14,1,0
BRDA:89,15,0,0
BRDA:89,15,1,0
BRDA:89,16,0,0
BRDA:89,16,1,0
BRDA:90,17,0,0
BRDA:90,17,1,0
BRDA:91,18,0,0
BRDA:91,18,1,0
BRDA:91,19,0,0
BRDA:91,19,1,0
BRDA:91,19,2,0
BRDA:91,19,3,0
BRDA:92,20,0,0
BRDA:92,20,1,0
BRDA:92,21,0,0
BRDA:92,21,1,0
BRDA:92,22,0,0
BRDA:92,22,1,0
BRDA:93,23,0,0
BRDA:93,23,1,0
BRDA:94,24,0,0
BRDA:94,24,1,0
BRDA:97,25,0,0
BRDA:97,25,1,0
BRDA:100,26,0,0
BRDA:100,26,1,0
BRDA:101,27,0,0
BRDA:101,27,1,0
BRDA:107,28,0,0
BRDA:107,28,1,0
BRDA:108,29,0,0
BRDA:108,29,1,0
BRDA:108,30,0,0
BRDA:108,30,1,0
BRDA:109,31,0,0
BRDA:109,31,1,0
BRDA:110,32,0,0
BRDA:110,32,1,0
BRDA:119,33,0,0
BRDA:119,33,1,0
BRDA:120,34,0,0
BRDA:120,34,1,0
BRDA:121,35,0,0
BRDA:121,35,1,0
BRDA:131,36,0,0
BRDA:131,36,1,0
BRDA:134,37,0,0
BRDA:134,37,1,0
BRDA:134,38,0,0
BRDA:134,38,1,0
BRDA:135,39,0,0
BRDA:135,39,1,0
BRDA:136,40,0,0
BRDA:136,40,1,0
BRDA:136,41,0,0
BRDA:136,41,1,0
BRDA:136,41,2,0
BRDA:136,41,3,0
BRDA:137,42,0,0
BRDA:137,42,1,0
BRDA:137,43,0,0
BRDA:137,43,1,0
BRDA:137,44,0,0
BRDA:137,44,1,0
BRDA:138,45,0,0
BRDA:138,45,1,0
BRDA:139,46,0,0
BRDA:139,46,1,0
BRDA:143,47,0,0
BRDA:143,47,1,0
BRDA:146,48,0,0
BRDA:146,48,1,0
BRDA:148,49,0,0
BRDA:148,49,1,0
BRDA:154,50,0,0
BRDA:154,50,1,0
BRDA:155,51,0,0
BRDA:155,51,1,0
BRDA:155,52,0,0
BRDA:155,52,1,0
BRDA:156,53,0,0
BRDA:156,53,1,0
BRDA:157,54,0,0
BRDA:157,54,1,0
BRDA:166,55,0,0
BRDA:166,55,1,0
BRDA:167,56,0,0
BRDA:167,56,1,0
BRDA:168,57,0,0
BRDA:168,57,1,0
BRF:120
BRH:0
end_of_record
TN:
SF:/Users/kristianmandrup/repos/tecla5/red-ui/packages/red-shared/src/text/format/text-format.js
FN:2,(anonymous_0)
FN:31,(anonymous_1)
FN:89,(anonymous_2)
FN:158,(anonymous_3)
FN:188,(anonymous_4)
FNF:5
FNH:0
FNDA:0,(anonymous_0)
FNDA:0,(anonymous_1)
FNDA:0,(anonymous_2)
FNDA:0,(anonymous_3)
FNDA:0,(anonymous_4)
DA:3,0
DA:4,0
DA:5,0
DA:6,0
DA:9,0
DA:10,0
DA:11,0
DA:12,0
DA:13,0
DA:15,0
DA:16,0
DA:17,0
DA:18,0
DA:20,0
DA:22,0
DA:23,0
DA:25,0
DA:26,0
DA:28,0
DA:32,0
DA:33,0
DA:35,0
DA:36,0
DA:37,0
DA:39,0
DA:40,0
DA:41,0
DA:43,0
DA:44,0
DA:46,0
DA:47,0
DA:48,0
DA:49,0
DA:52,0
DA:53,0
DA:54,0
DA:55,0
DA:56,0
DA:59,0
DA:61,0
DA:62,0
DA:63,0
DA:64,0
DA:69,0
DA:71,0
DA:76,0
DA:77,0
DA:83,0
DA:84,0
DA:90,0
DA:91,0
DA:92,0
DA:94,0
DA:95,0
DA:96,0
DA:98,0
DA:99,0
DA:101,0
DA:102,0
DA:103,0
DA:104,0
DA:105,0
DA:107,0
DA:109,0
DA:110,0
DA:111,0
DA:116,0
DA:118,0
DA:119,0
DA:124,0
DA:126,0
DA:132,0
DA:133,0
DA:134,0
DA:140,0
DA:141,0
DA:147,0
DA:148,0
DA:152,0
DA:153,0
DA:155,0
DA:159,0
DA:160,0
DA:162,0
DA:163,0
DA:164,0
DA:165,0
DA:168,0
DA:169,0
DA:170,0
DA:172,0
DA:173,0
DA:174,0
DA:175,0
DA:176,0
DA:178,0
DA:179,0
DA:180,0
DA:181,0
DA:183,0
DA:185,0
DA:189,0
DA:190,0
DA:191,0
DA:192,0
DA:194,0
DA:195,0
DA:197,0
DA:198,0
DA:199,0
DA:200,0
DA:201,0
DA:202,0
DA:208,0
DA:210,0
DA:215,0
DA:216,0
DA:226,0
DA:227,0
DA:228,0
DA:229,0
DA:230,0
DA:231,0
DA:234,0
LF:124
LH:0
BRDA:5,0,0,0
BRDA:5,0,1,0
BRDA:10,1,0,0
BRDA:10,1,1,0
BRDA:11,2,0,0
BRDA:11,2,1,0
BRDA:15,3,0,0
BRDA:15,3,1,0
BRDA:15,4,0,0
BRDA:15,4,1,0
BRDA:16,5,0,0
BRDA:16,5,1,0
BRDA:16,5,2,0
BRDA:17,6,0,0
BRDA:17,6,1,0
BRDA:20,7,0,0
BRDA:20,7,1,0
BRDA:20,8,0,0
BRDA:20,8,1,0
BRDA:22,9,0,0
BRDA:22,9,1,0
BRDA:25,10,0,0
BRDA:25,10,1,0
BRDA:32,11,0,0
BRDA:32,11,1,0
BRDA:32,12,0,0
BRDA:32,12,1,0
BRDA:32,12,2,0
BRDA:36,13,0,0
BRDA:36,13,1,0
BRDA:40,14,0,0
BRDA:40,14,1,0
BRDA:43,15,0,0
BRDA:43,15,1,0
BRDA:43,16,0,0
BRDA:43,16,1,0
BRDA:43,16,2,0
BRDA:48,17,0,0
BRDA:48,17,1,0
BRDA:53,18,0,0
BRDA:53,18,1,0
BRDA:63,19,0,0
BRDA:63,19,1,0
BRDA:76,20,0,0
BRDA:76,20,1,0
BRDA:83,21,0,0
BRDA:83,21,1,0
BRDA:91,22,0,0
BRDA:91,22,1,0
BRDA:95,23,0,0
BRDA:95,23,1,0
BRDA:98,24,0,0
BRDA:98,24,1,0
BRDA:98,25,0,0
BRDA:98,25,1,0
BRDA:98,25,2,0
BRDA:98,25,3,0
BRDA:104,26,0,0
BRDA:104,26,1,0
BRDA:104,27,0,0
BRDA:104,27,1,0
BRDA:110,28,0,0
BRDA:110,28,1,0
BRDA:118,29,0,0
BRDA:118,29,1,0
BRDA:132,30,0,0
BRDA:132,30,1,0
BRDA:140,31,0,0
BRDA:140,31,1,0
BRDA:147,32,0,0
BRDA:147,32,1,0
BRDA:159,33,0,0
BRDA:159,33,1,0
BRDA:164,34,0,0
BRDA:164,34,1,0
BRDA:169,35,0,0
BRDA:169,35,1,0
BRDA:169,36,0,0
BRDA:169,36,1,0
BRDA:172,37,0,0
BRDA:172,37,1,0
BRDA:191,38,0,0
BRDA:191,38,1,0
BRDA:194,39,0,0
BRDA:194,39,1,0
BRDA:194,40,0,0
BRDA:194,40,1,0
BRDA:194,40,2,0
BRDA:199,41,0,0
BRDA:199,41,1,0
BRDA:201,42,0,0
BRDA:201,42,1,0
BRDA:215,43,0,0
BRDA:215,43,1,0
BRDA:227,44,0,0
BRDA:227,44,1,0
BRDA:229,45,0,0
BRDA:229,45,1,0
BRF:98
BRH:0
end_of_record
TN:
SF:/Users/kristianmandrup/repos/tecla5/red-ui/packages/red-shared/src/text/format/tools.js
FN:3,(anonymous_0)
FN:5,(anonymous_1)
FN:43,(anonymous_2)
FN:72,(anonymous_3)
FN:130,(anonymous_4)
FN:199,(anonymous_5)
FN:229,(anonymous_6)
FNF:7
FNH:1
FNDA:1,(anonymous_0)
FNDA:0,(anonymous_1)
FNDA:0,(anonymous_2)
FNDA:0,(anonymous_3)
FNDA:0,(anonymous_4)
FNDA:0,(anonymous_5)
FNDA:0,(anonymous_6)
DA:6,0
DA:7,0
DA:9,0
DA:10,0
DA:12,0
DA:13,0
DA:15,0
DA:16,0
DA:17,0
DA:19,0
DA:21,0
DA:22,0
DA:23,0
DA:25,0
DA:27,0
DA:28,0
DA:29,0
DA:31,0
DA:33,0
DA:34,0
DA:35,0
DA:37,0
DA:39,0
DA:40,0
DA:44,0
DA:45,0
DA:46,0
DA:47,0
DA:50,0
DA:51,0
DA:52,0
DA:53,0
DA:54,0
DA:56,0
DA:57,0
DA:58,0
DA:59,0
DA:61,0
DA:63,0
DA:64,0
DA:66,0
DA:67,0
DA:69,0
DA:73,0
DA:74,0
DA:76,0
DA:77,0
DA:78,0
DA:80,0
DA:81,0
DA:82,0
DA:84,0
DA:85,0
DA:87,0
DA:88,0
DA:89,0
DA:90,0
DA:93,0
DA:94,0
DA:95,0
DA:96,0
DA:97,0
DA:100,0
DA:102,0
DA:103,0
DA:104,0
DA:105,0
DA:110,0
DA:112,0
DA:117,0
DA:118,0
DA:124,0
DA:125,0
DA:131,0
DA:132,0
DA:133,0
DA:135,0
DA:136,0
DA:137,0
DA:139,0
DA:140,0
DA:142,0
DA:143,0
DA:144,0
DA:145,0
DA:146,0
DA:148,0
DA:150,0
DA:151,0
DA:152,0
DA:157,0
DA:159,0
DA:160,0
DA:165,0
DA:167,0
DA:173,0
DA:174,0
DA:175,0
DA:181,0
DA:182,0
DA:188,0
DA:189,0
DA:193,0
DA:194,0
DA:196,0
DA:200,0
DA:201,0
DA:203,0
DA:204,0
DA:205,0
DA:206,0
DA:209,0
DA:210,0
DA:211,0
DA:213,0
DA:214,0
DA:215,0
DA:216,0
DA:217,0
DA:219,0
DA:220,0
DA:221,0
DA:222,0
DA:224,0
DA:226,0
DA:230,0
DA:231,0
DA:232,0
DA:233,0
DA:235,0
DA:236,0
DA:238,0
DA:239,0
DA:240,0
DA:241,0
DA:242,0
DA:243,0
DA:249,0
DA:251,0
DA:256,0
DA:257,0
DA:267,0
DA:268,0
DA:269,0
DA:270,0
DA:271,0
DA:272,0
DA:275,0
DA:279,1
LF:149
LH:1
BRDA:6,0,0,0
BRDA:6,0,1,0
BRDA:9,1,0,0
BRDA:9,1,1,0
BRDA:12,2,0,0
BRDA:12,2,1,0
BRDA:15,3,0,0
BRDA:15,3,1,0
BRDA:21,4,0,0
BRDA:21,4,1,0
BRDA:28,5,0,0
BRDA:28,5,1,0
BRDA:34,6,0,0
BRDA:34,6,1,0
BRDA:39,7,0,0
BRDA:39,7,1,0
BRDA:46,8,0,0
BRDA:46,8,1,0
BRDA:51,9,0,0
BRDA:51,9,1,0
BRDA:52,10,0,0
BRDA:52,10,1,0
BRDA:56,11,0,0
BRDA:56,11,1,0
BRDA:56,12,0,0
BRDA:56,12,1,0
BRDA:57,13,0,0
BRDA:57,13,1,0
BRDA:57,13,2,0
BRDA:58,14,0,0
BRDA:58,14,1,0
BRDA:61,15,0,0
BRDA:61,15,1,0
BRDA:61,16,0,0
BRDA:61,16,1,0
BRDA:63,17,0,0
BRDA:63,17,1,0
BRDA:66,18,0,0
BRDA:66,18,1,0
BRDA:73,19,0,0
BRDA:73,19,1,0
BRDA:73,20,0,0
BRDA:73,20,1,0
BRDA:73,20,2,0
BRDA:77,21,0,0
BRDA:77,21,1,0
BRDA:81,22,0,0
BRDA:81,22,1,0
BRDA:84,23,0,0
BRDA:84,23,1,0
BRDA:84,24,0,0
BRDA:84,24,1,0
BRDA:84,24,2,0
BRDA:89,25,0,0
BRDA:89,25,1,0
BRDA:94,26,0,0
BRDA:94,26,1,0
BRDA:104,27,0,0
BRDA:104,27,1,0
BRDA:117,28,0,0
BRDA:117,28,1,0
BRDA:124,29,0,0
BRDA:124,29,1,0
BRDA:132,30,0,0
BRDA:132,30,1,0
BRDA:136,31,0,0
BRDA:136,31,1,0
BRDA:139,32,0,0
BRDA:139,32,1,0
BRDA:139,33,0,0
BRDA:139,33,1,0
BRDA:139,33,2,0
BRDA:139,33,3,0
BRDA:145,34,0,0
BRDA:145,34,1,0
BRDA:145,35,0,0
BRDA:145,35,1,0
BRDA:151,36,0,0
BRDA:151,36,1,0
BRDA:159,37,0,0
BRDA:159,37,1,0
BRDA:173,38,0,0
BRDA:173,38,1,0
BRDA:181,39,0,0
BRDA:181,39,1,0
BRDA:188,40,0,0
BRDA:188,40,1,0
BRDA:200,41,0,0
BRDA:200,41,1,0
BRDA:205,42,0,0
BRDA:205,42,1,0
BRDA:210,43,0,0
BRDA:210,43,1,0
BRDA:210,44,0,0
BRDA:210,44,1,0
BRDA:213,45,0,0
BRDA:213,45,1,0
BRDA:232,46,0,0
BRDA:232,46,1,0
BRDA:235,47,0,0
BRDA:235,47,1,0
BRDA:235,48,0,0
BRDA:235,48,1,0
BRDA:235,48,2,0
BRDA:240,49,0,0
BRDA:240,49,1,0
BRDA:242,50,0,0
BRDA:242,50,1,0
BRDA:256,51,0,0
BRDA:256,51,1,0
BRDA:268,52,0,0
BRDA:268,52,1,0
BRDA:270,53,0,0
BRDA:270,53,1,0
BRF:114
BRH:0
end_of_record
TN:
SF:/Users/kristianmandrup/repos/tecla5/red-ui/packages/red-shared/src/text/format/underscore.js
FN:2,(anonymous_0)
FNF:1
FNH:0
FNDA:0,(anonymous_0)
DA:3,0
DA:8,0
DA:9,0
DA:11,0
DA:16,1
LF:5
LH:1
BRDA:4,0,0,0
BRDA:4,0,1,0
BRDA:8,1,0,0
BRDA:8,1,1,0
BRF:4
BRH:0
end_of_record
TN:
SF:/Users/kristianmandrup/repos/tecla5/red-ui/packages/red-shared/src/text/format/url.js
FN:2,(anonymous_0)
FNF:1
FNH:0
FNDA:0,(anonymous_0)
DA:3,0
DA:8,0
DA:9,0
DA:11,0
DA:16,1
LF:5
LH:1
BRDA:4,0,0,0
BRDA:4,0,1,0
BRDA:8,1,0,0
BRDA:8,1,1,0
BRF:4
BRH:0
end_of_record
TN:
SF:/Users/kristianmandrup/repos/tecla5/red-ui/packages/red-shared/src/text/format/word.js
FN:2,(anonymous_0)
FNF:1
FNH:0
FNDA:0,(anonymous_0)
DA:3,0
DA:8,0
DA:9,0
DA:11,0
DA:16,1
LF:5
LH:1
BRDA:4,0,0,0
BRDA:4,0,1,0
BRDA:5,1,0,0
BRDA:5,1,1,0
BRDA:5,2,0,0
BRDA:5,2,1,0
BRDA:8,3,0,0
BRDA:8,3,1,0
BRF:8
BRH:0
end_of_record
TN:
SF:/Users/kristianmandrup/repos/tecla5/red-ui/packages/red-shared/src/text/format/xpath.js
FN:2,(anonymous_0)
FNF:1
FNH:0
FNDA:0,(anonymous_0)
DA:3,0
DA:23,0
DA:24,0
DA:26,0
DA:31,1
LF:5
LH:1
BRDA:4,0,0,0
BRDA:4,0,1,0
BRDA:23,1,0,0
BRDA:23,1,1,0
BRF:4
BRH:0
end_of_record
TN:
SF:/Users/kristianmandrup/repos/tecla5/red-ui/packages/red-shared/src/ui/actions.ts
FN:5,(anonymous_0)
FN:9,(anonymous_1)
FN:12,(anonymous_2)
FN:15,(anonymous_3)
FN:18,(anonymous_4)
FN:23,(anonymous_5)
FN:26,(anonymous_6)
FNF:7
FNH:0
FNDA:0,(anonymous_0)
FNDA:0,(anonymous_1)
FNDA:0,(anonymous_2)
FNDA:0,(anonymous_3)
FNDA:0,(anonymous_4)
FNDA:0,(anonymous_5)
FNDA:0,(anonymous_6)
DA:2,1
DA:3,1
DA:6,0
DA:7,0
DA:10,0
DA:13,0
DA:16,0
DA:19,0
DA:20,0
DA:24,0
DA:25,0
DA:26,0
DA:27,0
DA:28,0
DA:35,0
DA:38,1
LF:16
LH:3
BRDA:19,0,0,0
BRDA:19,0,1,0
BRDA:30,1,0,0
BRDA:30,1,1,0
BRDA:31,2,0,0
BRDA:31,2,1,0
BRDA:32,3,0,0
BRDA:32,3,1,0
BRF:8
BRH:0
end_of_record
TN:
SF:/Users/kristianmandrup/repos/tecla5/red-ui/packages/red-shared/src/ui/clipboard.ts
FN:20,(anonymous_0)
FN:30,(anonymous_1)
FN:44,(anonymous_2)
FN:47,(anonymous_3)
FN:50,(anonymous_4)
FN:53,(anonymous_5)
FN:56,(anonymous_6)
FN:59,(anonymous_7)
FN:62,(anonymous_8)
FN:71,(anonymous_9)
FN:77,(anonymous_10)
FN:80,(anonymous_11)
FN:91,(anonymous_12)
FN:92,(anonymous_13)
FN:103,(anonymous_14)
FN:115,(anonymous_15)
FN:123,(anonymous_16)
FN:131,(anonymous_17)
FN:143,(anonymous_18)
FN:149,(anonymous_19)
FN:152,(anonymous_20)
FN:186,(anonymous_21)
FN:203,(anonymous_22)
FN:219,(anonymous_23)
FN:222,(anonymous_24)
FN:232,(anonymous_25)
FN:241,(anonymous_26)
FN:263,(anonymous_27)
FN:277,(anonymous_28)
FN:329,(anonymous_29)
FN:332,(anonymous_30)
FN:348,(anonymous_31)
FN:353,(anonymous_32)
FN:357,(anonymous_33)
FN:379,(anonymous_34)
FNF:35
FNH:0
FNDA:0,(anonymous_0)
FNDA:0,(anonymous_1)
FNDA:0,(anonymous_2)
FNDA:0,(anonymous_3)
FNDA:0,(anonymous_4)
FNDA:0,(anonymous_5)
FNDA:0,(anonymous_6)
FNDA:0,(anonymous_7)
FNDA:0,(anonymous_8)
FNDA:0,(anonymous_9)
FNDA:0,(anonymous_10)
FNDA:0,(anonymous_11)
FNDA:0,(anonymous_12)
FNDA:0,(anonymous_13)
FNDA:0,(anonymous_14)
FNDA:0,(anonymous_15)
FNDA:0,(anonymous_16)
FNDA:0,(anonymous_17)
FNDA:0,(anonymous_18)
FNDA:0,(anonymous_19)
FNDA:0,(anonymous_20)
FNDA:0,(anonymous_21)
FNDA:0,(anonymous_22)
FNDA:0,(anonymous_23)
FNDA:0,(anonymous_24)
FNDA:0,(anonymous_25)
FNDA:0,(anonymous_26)
FNDA:0,(anonymous_27)
FNDA:0,(anonymous_28)
FNDA:0,(anonymous_29)
FNDA:0,(anonymous_30)
FNDA:0,(anonymous_31)
FNDA:0,(anonymous_32)
FNDA:0,(anonymous_33)
FNDA:0,(anonymous_34)
DA:2,1
DA:18,1
DA:21,0
DA:22,0
DA:27,0
DA:28,0
DA:29,0
DA:30,0
DA:31,0
DA:32,0
DA:33,0
DA:34,0
DA:37,0
DA:38,0
DA:39,0
DA:42,0
DA:43,0
DA:44,0
DA:45,0
DA:47,0
DA:48,0
DA:50,0
DA:51,0
DA:53,0
DA:54,0
DA:56,0
DA:57,0
DA:59,0
DA:60,0
DA:62,0
DA:63,0
DA:65,0
DA:68,0
DA:71,0
DA:72,0
DA:74,0
DA:78,0
DA:81,0
DA:82,0
DA:83,0
DA:84,0
DA:86,0
DA:87,0
DA:88,0
DA:89,0
DA:90,0
DA:91,0
DA:92,0
DA:93,0
DA:96,0
DA:99,0
DA:100,0
DA:104,0
DA:105,0
DA:116,0
DA:124,0
DA:132,0
DA:133,0
DA:134,0
DA:135,0
DA:136,0
DA:144,0
DA:145,0
DA:150,0
DA:154,0
DA:155,0
DA:173,0
DA:187,0
DA:188,0
DA:189,0
DA:190,0
DA:191,0
DA:192,0
DA:193,0
DA:194,0
DA:197,0
DA:198,0
DA:200,0
DA:204,0
DA:207,0
DA:208,0
DA:210,0
DA:211,0
DA:212,0
DA:213,0
DA:214,0
DA:215,0
DA:216,0
DA:217,0
DA:218,0
DA:219,0
DA:220,0
DA:222,0
DA:223,0
DA:224,0
DA:225,0
DA:227,0
DA:228,0
DA:230,0
DA:233,0
DA:234,0
DA:235,0
DA:237,0
DA:238,0
DA:239,0
DA:240,0
DA:241,0
DA:242,0
DA:243,0
DA:244,0
DA:245,0
DA:247,0
DA:248,0
DA:249,0
DA:250,0
DA:251,0
DA:252,0
DA:253,0
DA:254,0
DA:257,0
DA:259,0
DA:260,0
DA:263,0
DA:264,0
DA:265,0
DA:266,0
DA:267,0
DA:269,0
DA:270,0
DA:271,0
DA:272,0
DA:273,0
DA:274,0
DA:275,0
DA:277,0
DA:278,0
DA:281,0
DA:282,0
DA:283,0
DA:286,0
DA:287,0
DA:288,0
DA:290,0
DA:291,0
DA:293,0
DA:294,0
DA:295,0
DA:298,0
DA:301,0
DA:302,0
DA:305,0
DA:307,0
DA:308,0
DA:310,0
DA:311,0
DA:312,0
DA:313,0
DA:314,0
DA:315,0
DA:316,0
DA:319,0
DA:320,0
DA:322,0
DA:323,0
DA:326,0
DA:328,0
DA:330,0
DA:331,0
DA:332,0
DA:333,0
DA:334,0
DA:337,0
DA:338,0
DA:339,0
DA:340,0
DA:341,0
DA:344,0
DA:345,0
DA:349,0
DA:350,0
DA:351,0
DA:354,0
DA:355,0
DA:356,0
DA:357,0
DA:358,0
DA:359,0
DA:360,0
DA:361,0
DA:364,0
DA:367,0
DA:368,0
DA:370,0
DA:371,0
DA:372,0
DA:373,0
DA:379,0
DA:380,0
DA:382,0
DA:384,0
DA:387,1
LF:201
LH:3
BRDA:31,0,0,0
BRDA:31,0,1,0
BRDA:63,1,0,0
BRDA:63,1,1,0
BRDA:63,2,0,0
BRDA:63,2,1,0
BRDA:72,3,0,0
BRDA:72,3,1,0
BRDA:72,4,0,0
BRDA:72,4,1,0
BRDA:81,5,0,0
BRDA:81,5,1,0
BRDA:86,6,0,0
BRDA:86,6,1,0
BRDA:88,7,0,0
BRDA:88,7,1,0
BRDA:197,8,0,0
BRDA:197,8,1,0
BRDA:207,9,0,0
BRDA:207,9,1,0
BRDA:224,10,0,0
BRDA:224,10,1,0
BRDA:224,11,0,0
BRDA:224,11,1,0
BRDA:234,12,0,0
BRDA:234,12,1,0
BRDA:240,13,0,0
BRDA:240,13,1,0
BRDA:243,14,0,0
BRDA:243,14,1,0
BRDA:243,15,0,0
BRDA:243,15,1,0
BRDA:250,16,0,0
BRDA:250,16,1,0
BRDA:253,17,0,0
BRDA:253,17,1,0
BRDA:265,18,0,0
BRDA:265,18,1,0
BRDA:265,19,0,0
BRDA:265,19,1,0
BRDA:274,20,0,0
BRDA:274,20,1,0
BRDA:281,21,0,0
BRDA:281,21,1,0
BRDA:286,22,0,0
BRDA:286,22,1,0
BRDA:290,23,0,0
BRDA:290,23,1,0
BRDA:293,24,0,0
BRDA:293,24,1,0
BRDA:294,25,0,0
BRDA:294,25,1,0
BRDA:301,26,0,0
BRDA:301,26,1,0
BRDA:315,27,0,0
BRDA:315,27,1,0
BRDA:322,28,0,0
BRDA:322,28,1,0
BRDA:339,29,0,0
BRDA:339,29,1,0
BRDA:356,30,0,0
BRDA:356,30,1,0
BRDA:358,31,0,0
BRDA:358,31,1,0
BRDA:358,32,0,0
BRDA:358,32,1,0
BRDA:359,33,0,0
BRDA:359,33,1,0
BRDA:359,34,0,0
BRDA:359,34,1,0
BRDA:359,34,2,0
BRDA:367,35,0,0
BRDA:367,35,1,0
BRDA:372,36,0,0
BRDA:372,36,1,0
BRDA:372,37,0,0
BRDA:372,37,1,0
BRF:77
BRH:0
end_of_record
TN:
SF:/Users/kristianmandrup/repos/tecla5/red-ui/packages/red-shared/src/ui/deploy.ts
FN:20,(anonymous_0)
FN:70,(anonymous_1)
FN:82,(anonymous_2)
FN:94,(anonymous_3)
FN:121,(anonymous_4)
FN:134,(anonymous_5)
FN:142,(anonymous_6)
FN:153,(anonymous_7)
FN:162,(anonymous_8)
FN:175,(anonymous_9)
FN:181,(anonymous_10)
FN:189,(anonymous_11)
FN:202,(anonymous_12)
FN:205,(anonymous_13)
FN:230,(anonymous_14)
FN:232,(anonymous_15)
FN:243,(anonymous_16)
FN:254,(anonymous_17)
FN:259,(anonymous_18)
FN:270,(anonymous_19)
FN:275,(anonymous_20)
FN:295,(anonymous_21)
FN:316,(anonymous_22)
FN:324,(anonymous_23)
FN:337,(anonymous_24)
FN:350,(anonymous_25)
FN:374,(anonymous_26)
FN:418,(anonymous_27)
FN:429,(anonymous_28)
FN:442,(anonymous_29)
FN:448,(anonymous_30)
FN:455,(anonymous_31)
FN:476,(anonymous_32)
FN:479,(anonymous_33)
FNF:34
FNH:0
FNDA:0,(anonymous_0)
FNDA:0,(anonymous_1)
FNDA:0,(anonymous_2)
FNDA:0,(anonymous_3)
FNDA:0,(anonymous_4)
FNDA:0,(anonymous_5)
FNDA:0,(anonymous_6)
FNDA:0,(anonymous_7)
FNDA:0,(anonymous_8)
FNDA:0,(anonymous_9)
FNDA:0,(anonymous_10)
FNDA:0,(anonymous_11)
FNDA:0,(anonymous_12)
FNDA:0,(anonymous_13)
FNDA:0,(anonymous_14)
FNDA:0,(anonymous_15)
FNDA:0,(anonymous_16)
FNDA:0,(anonymous_17)
FNDA:0,(anonymous_18)
FNDA:0,(anonymous_19)
FNDA:0,(anonymous_20)
FNDA:0,(anonymous_21)
FNDA:0,(anonymous_22)
FNDA:0,(anonymous_23)
FNDA:0,(anonymous_24)
FNDA:0,(anonymous_25)
FNDA:0,(anonymous_26)
FNDA:0,(anonymous_27)
FNDA:0,(anonymous_28)
FNDA:0,(anonymous_29)
FNDA:0,(anonymous_30)
FNDA:0,(anonymous_31)
FNDA:0,(anonymous_32)
FNDA:0,(anonymous_33)
DA:17,1
DA:18,1
DA:21,0
DA:22,0
DA:27,0
DA:38,0
DA:43,0
DA:44,0
DA:45,0
DA:46,0
DA:47,0
DA:48,0
DA:49,0
DA:61,0
DA:71,0
DA:72,0
DA:83,0
DA:84,0
DA:95,0
DA:96,0
DA:103,0
DA:104,0
DA:105,0
DA:106,0
DA:107,0
DA:109,0
DA:121,0
DA:122,0
DA:123,0
DA:125,0
DA:126,0
DA:135,0
DA:143,0
DA:144,0
DA:145,0
DA:154,0
DA:155,0
DA:163,0
DA:164,0
DA:165,0
DA:167,0
DA:168,0
DA:176,0
DA:177,0
DA:182,0
DA:190,0
DA:191,0
DA:192,0
DA:193,0
DA:194,0
DA:195,0
DA:196,0
DA:197,0
DA:198,0
DA:199,0
DA:200,0
DA:201,0
DA:202,0
DA:203,0
DA:204,0
DA:205,0
DA:206,0
DA:207,0
DA:208,0
DA:209,0
DA:210,0
DA:213,0
DA:215,0
DA:218,0
DA:221,0
DA:222,0
DA:223,0
DA:224,0
DA:225,0
DA:226,0
DA:230,0
DA:231,0
DA:232,0
DA:233,0
DA:235,0
DA:238,0
DA:239,0
DA:243,0
DA:244,0
DA:245,0
DA:246,0
DA:247,0
DA:249,0
DA:254,0
DA:255,0
DA:256,0
DA:257,0
DA:259,0
DA:260,0
DA:261,0
DA:262,0
DA:263,0
DA:264,0
DA:266,0
DA:271,0
DA:272,0
DA:273,0
DA:276,0
DA:277,0
DA:278,0
DA:279,0
DA:280,0
DA:281,0
DA:282,0
DA:285,0
DA:288,0
DA:289,0
DA:296,0
DA:297,0
DA:299,0
DA:300,0
DA:302,0
DA:303,0
DA:305,0
DA:306,0
DA:308,0
DA:309,0
DA:311,0
DA:312,0
DA:314,0
DA:317,0
DA:318,0
DA:319,0
DA:320,0
DA:321,0
DA:322,0
DA:325,0
DA:330,0
DA:331,0
DA:332,0
DA:333,0
DA:334,0
DA:335,0
DA:336,0
DA:337,0
DA:338,0
DA:339,0
DA:340,0
DA:342,0
DA:343,0
DA:344,0
DA:348,0
DA:349,0
DA:350,0
DA:351,0
DA:352,0
DA:353,0
DA:356,0
DA:357,0
DA:358,0
DA:359,0
DA:360,0
DA:361,0
DA:362,0
DA:363,0
DA:364,0
DA:365,0
DA:368,0
DA:369,0
DA:370,0
DA:371,0
DA:372,0
DA:373,0
DA:375,0
DA:378,0
DA:387,0
DA:388,0
DA:389,0
DA:390,0
DA:393,0
DA:394,0
DA:395,0
DA:396,0
DA:397,0
DA:398,0
DA:402,0
DA:403,0
DA:405,0
DA:406,0
DA:407,0
DA:408,0
DA:409,0
DA:410,0
DA:419,0
DA:420,0
DA:421,0
DA:422,0
DA:423,0
DA:427,0
DA:429,0
DA:430,0
DA:431,0
DA:432,0
DA:434,0
DA:435,0
DA:436,0
DA:438,0
DA:439,0
DA:442,0
DA:443,0
DA:444,0
DA:445,0
DA:448,0
DA:449,0
DA:452,0
DA:453,0
DA:454,0
DA:456,0
DA:457,0
DA:458,0
DA:459,0
DA:463,0
DA:464,0
DA:466,0
DA:467,0
DA:472,0
DA:477,0
DA:478,0
DA:479,0
DA:480,0
DA:481,0
DA:482,0
DA:483,0
DA:484,0
DA:485,0
DA:491,1
LF:231
LH:3
BRDA:46,0,0,0
BRDA:46,0,1,0
BRDA:47,1,0,0
BRDA:47,1,1,0
BRDA:48,2,0,0
BRDA:48,2,1,0
BRDA:71,3,0,0
BRDA:71,3,1,0
BRDA:83,4,0,0
BRDA:83,4,1,0
BRDA:95,5,0,0
BRDA:95,5,1,0
BRDA:103,6,0,0
BRDA:103,6,1,0
BRDA:104,7,0,0
BRDA:104,7,1,0
BRDA:106,8,0,0
BRDA:106,8,1,0
BRDA:112,9,0,0
BRDA:112,9,1,0
BRDA:143,10,0,0
BRDA:143,10,1,0
BRDA:164,11,0,0
BRDA:164,11,1,0
BRDA:191,12,0,0
BRDA:191,12,1,0
BRDA:208,13,0,0
BRDA:208,13,1,0
BRDA:231,14,0,0
BRDA:231,14,1,0
BRDA:244,15,0,0
BRDA:244,15,1,0
BRDA:246,16,0,0
BRDA:246,16,1,0
BRDA:246,17,0,0
BRDA:246,17,1,0
BRDA:246,17,2,0
BRDA:278,18,0,0
BRDA:278,18,1,0
BRDA:280,19,0,0
BRDA:280,19,1,0
BRDA:296,20,0,0
BRDA:296,20,1,0
BRDA:299,21,0,0
BRDA:299,21,1,0
BRDA:302,22,0,0
BRDA:302,22,1,0
BRDA:305,23,0,0
BRDA:305,23,1,0
BRDA:308,24,0,0
BRDA:308,24,1,0
BRDA:311,25,0,0
BRDA:311,25,1,0
BRDA:321,26,0,0
BRDA:321,26,1,0
BRDA:330,27,0,0
BRDA:330,27,1,0
BRDA:331,28,0,0
BRDA:331,28,1,0
BRDA:338,29,0,0
BRDA:338,29,1,0
BRDA:339,30,0,0
BRDA:339,30,1,0
BRDA:342,31,0,0
BRDA:342,31,1,0
BRDA:343,32,0,0
BRDA:343,32,1,0
BRDA:351,33,0,0
BRDA:351,33,1,0
BRDA:351,34,0,0
BRDA:351,34,1,0
BRDA:361,35,0,0
BRDA:361,35,1,0
BRDA:361,36,0,0
BRDA:361,36,1,0
BRDA:368,37,0,0
BRDA:368,37,1,0
BRDA:368,38,0,0
BRDA:368,38,1,0
BRDA:375,39,0,0
BRDA:375,39,1,0
BRDA:378,40,0,0
BRDA:378,40,1,0
BRDA:378,41,0,0
BRDA:378,41,1,0
BRDA:387,42,0,0
BRDA:387,42,1,0
BRDA:402,43,0,0
BRDA:402,43,1,0
BRDA:422,44,0,0
BRDA:422,44,1,0
BRDA:430,45,0,0
BRDA:430,45,1,0
BRDA:434,46,0,0
BRDA:434,46,1,0
BRDA:438,47,0,0
BRDA:438,47,1,0
BRDA:444,48,0,0
BRDA:444,48,1,0
BRDA:458,49,0,0
BRDA:458,49,1,0
BRDA:463,50,0,0
BRDA:463,50,1,0
BRDA:466,51,0,0
BRDA:466,51,1,0
BRF:105
BRH:0
end_of_record
TN:
SF:/Users/kristianmandrup/repos/tecla5/red-ui/packages/red-shared/src/ui/index.ts
FNF:0
FNH:0
DA:2,1
DA:3,1
DA:4,1
DA:5,1
DA:6,1
DA:7,1
DA:8,1
DA:9,1
DA:10,1
DA:11,1
DA:12,1
DA:13,1
DA:14,1
DA:15,1
DA:16,1
LF:15
LH:15
BRF:0
BRH:0
end_of_record
TN:
SF:/Users/kristianmandrup/repos/tecla5/red-ui/packages/red-shared/src/ui/keyboard.ts
FN:58,(anonymous_0)
FN:69,(anonymous_1)
FN:100,(anonymous_2)
FN:101,(anonymous_3)
FN:106,(anonymous_4)
FN:122,(anonymous_5)
FN:136,(anonymous_6)
FN:178,(anonymous_7)
FN:226,(anonymous_8)
FN:285,(anonymous_9)
FN:339,(anonymous_10)
FN:349,(anonymous_11)
FN:363,(anonymous_12)
FN:377,(anonymous_13)
FN:392,(anonymous_14)
FN:396,(anonymous_15)
FN:416,(anonymous_16)
FN:464,(anonymous_17)
FN:468,(anonymous_18)
FN:493,(anonymous_19)
FN:505,(anonymous_20)
FN:512,(anonymous_21)
FN:527,(anonymous_22)
FN:532,(anonymous_23)
FN:537,(anonymous_24)
FN:542,(anonymous_25)
FNF:26
FNH:0
FNDA:0,(anonymous_0)
FNDA:0,(anonymous_1)
FNDA:0,(anonymous_2)
FNDA:0,(anonymous_3)
FNDA:0,(anonymous_4)
FNDA:0,(anonymous_5)
FNDA:0,(anonymous_6)
FNDA:0,(anonymous_7)
FNDA:0,(anonymous_8)
FNDA:0,(anonymous_9)
FNDA:0,(anonymous_10)
FNDA:0,(anonymous_11)
FNDA:0,(anonymous_12)
FNDA:0,(anonymous_13)
FNDA:0,(anonymous_14)
FNDA:0,(anonymous_15)
FNDA:0,(anonymous_16)
FNDA:0,(anonymous_17)
FNDA:0,(anonymous_18)
FNDA:0,(anonymous_19)
FNDA:0,(anonymous_20)
FNDA:0,(anonymous_21)
FNDA:0,(anonymous_22)
FNDA:0,(anonymous_23)
FNDA:0,(anonymous_24)
FNDA:0,(anonymous_25)
DA:2,1
DA:18,1
DA:19,1
DA:20,1
DA:21,1
DA:22,1
DA:42,1
DA:50,1
DA:55,1
DA:56,1
DA:59,0
DA:60,0
DA:61,0
DA:62,0
DA:63,0
DA:64,0
DA:68,0
DA:69,0
DA:70,0
DA:71,0
DA:72,0
DA:73,0
DA:74,0
DA:75,0
DA:76,0
DA:77,0
DA:87,0
DA:88,0
DA:89,0
DA:90,0
DA:91,0
DA:96,0
DA:101,0
DA:102,0
DA:106,0
DA:107,0
DA:108,0
DA:110,0
DA:111,0
DA:112,0
DA:113,0
DA:116,0
DA:118,0
DA:123,0
DA:127,0
DA:128,0
DA:129,0
DA:131,0
DA:132,0
DA:133,0
DA:137,0
DA:138,0
DA:145,0
DA:146,0
DA:147,0
DA:150,0
DA:151,0
DA:152,0
DA:154,0
DA:155,0
DA:157,0
DA:158,0
DA:160,0
DA:161,0
DA:162,0
DA:164,0
DA:165,0
DA:167,0
DA:168,0
DA:171,0
DA:173,0
DA:176,0
DA:179,0
DA:182,0
DA:183,0
DA:184,0
DA:186,0
DA:187,0
DA:189,0
DA:190,0
DA:192,0
DA:193,0
DA:194,0
DA:195,0
DA:196,0
DA:197,0
DA:198,0
DA:200,0
DA:201,0
DA:202,0
DA:203,0
DA:206,0
DA:209,0
DA:210,0
DA:211,0
DA:212,0
DA:214,0
DA:215,0
DA:218,0
DA:219,0
DA:221,0
DA:222,0
DA:223,0
DA:227,0
DA:230,0
DA:231,0
DA:232,0
DA:233,0
DA:234,0
DA:236,0
DA:237,0
DA:238,0
DA:239,0
DA:240,0
DA:244,0
DA:245,0
DA:248,0
DA:249,0
DA:250,0
DA:251,0
DA:252,0
DA:255,0
DA:260,0
DA:262,0
DA:263,0
DA:264,0
DA:265,0
DA:266,0
DA:267,0
DA:268,0
DA:270,0
DA:271,0
DA:272,0
DA:274,0
DA:275,0
DA:276,0
DA:278,0
DA:279,0
DA:282,0
DA:283,0
DA:286,0
DA:289,0
DA:290,0
DA:291,0
DA:292,0
DA:293,0
DA:294,0
DA:295,0
DA:296,0
DA:297,0
DA:300,0
DA:301,0
DA:306,0
DA:308,0
DA:309,0
DA:310,0
DA:311,0
DA:312,0
DA:313,0
DA:315,0
DA:316,0
DA:318,0
DA:319,0
DA:321,0
DA:322,0
DA:324,0
DA:326,0
DA:327,0
DA:328,0
DA:333,0
DA:336,0
DA:337,0
DA:340,0
DA:341,0
DA:342,0
DA:343,0
DA:344,0
DA:345,0
DA:346,0
DA:347,0
DA:350,0
DA:353,0
DA:354,0
DA:355,0
DA:356,0
DA:357,0
DA:358,0
DA:361,0
DA:364,0
DA:368,0
DA:369,0
DA:370,0
DA:371,0
DA:372,0
DA:373,0
DA:374,0
DA:375,0
DA:376,0
DA:377,0
DA:378,0
DA:379,0
DA:381,0
DA:382,0
DA:383,0
DA:384,0
DA:386,0
DA:387,0
DA:388,0
DA:389,0
DA:390,0
DA:391,0
DA:392,0
DA:393,0
DA:394,0
DA:396,0
DA:397,0
DA:398,0
DA:399,0
DA:400,0
DA:401,0
DA:402,0
DA:403,0
DA:404,0
DA:405,0
DA:411,0
DA:413,0
DA:417,0
DA:418,0
DA:419,0
DA:420,0
DA:421,0
DA:422,0
DA:423,0
DA:424,0
DA:425,0
DA:426,0
DA:427,0
DA:428,0
DA:429,0
DA:430,0
DA:431,0
DA:432,0
DA:433,0
DA:434,0
DA:435,0
DA:437,0
DA:438,0
DA:439,0
DA:440,0
DA:441,0
DA:442,0
DA:445,0
DA:446,0
DA:447,0
DA:448,0
DA:449,0
DA:450,0
DA:452,0
DA:453,0
DA:454,0
DA:458,0
DA:459,0
DA:460,0
DA:461,0
DA:465,0
DA:466,0
DA:467,0
DA:468,0
DA:469,0
DA:470,0
DA:473,0
DA:476,0
DA:477,0
DA:478,0
DA:479,0
DA:481,0
DA:482,0
DA:483,0
DA:486,0
DA:487,0
DA:489,0
DA:490,0
DA:491,0
DA:494,0
DA:497,0
DA:498,0
DA:503,0
DA:506,0
DA:507,0
DA:508,0
DA:511,0
DA:512,0
DA:513,0
DA:518,0
DA:528,0
DA:531,0
DA:532,0
DA:533,0
DA:534,0
DA:535,0
DA:537,0
DA:538,0
DA:540,0
DA:543,0
DA:546,1
LF:305
LH:11
BRDA:18,0,0,0
BRDA:18,0,1,1
BRDA:19,1,0,0
BRDA:19,1,1,1
BRDA:21,2,0,0
BRDA:21,2,1,1
BRDA:68,3,0,0
BRDA:68,3,1,0
BRDA:71,4,0,0
BRDA:71,4,1,0
BRDA:74,5,0,0
BRDA:74,5,1,0
BRDA:75,6,0,0
BRDA:75,6,1,0
BRDA:88,7,0,0
BRDA:88,7,1,0
BRDA:90,8,0,0
BRDA:90,8,1,0
BRDA:107,9,0,0
BRDA:107,9,1,0
BRDA:111,10,0,0
BRDA:111,10,1,0
BRDA:111,11,0,0
BRDA:111,11,1,0
BRDA:112,12,0,0
BRDA:112,12,1,0
BRDA:128,13,0,0
BRDA:128,13,1,0
BRDA:131,14,0,0
BRDA:131,14,1,0
BRDA:147,15,0,0
BRDA:147,15,1,0
BRDA:147,15,2,0
BRDA:147,15,3,0
BRDA:147,15,4,0
BRDA:147,15,5,0
BRDA:164,16,0,0
BRDA:164,16,1,0
BRDA:167,17,0,0
BRDA:167,17,1,0
BRDA:182,18,0,0
BRDA:182,18,1,0
BRDA:183,19,0,0
BRDA:183,19,1,0
BRDA:183,20,0,0
BRDA:183,20,1,0
BRDA:186,21,0,0
BRDA:186,21,1,0
BRDA:186,22,0,0
BRDA:186,22,1,0
BRDA:189,23,0,0
BRDA:189,23,1,0
BRDA:189,24,0,0
BRDA:189,24,1,0
BRDA:192,25,0,0
BRDA:192,25,1,0
BRDA:193,26,0,0
BRDA:193,26,1,0
BRDA:193,27,0,0
BRDA:193,27,1,0
BRDA:195,28,0,0
BRDA:195,28,1,0
BRDA:196,29,0,0
BRDA:196,29,1,0
BRDA:200,30,0,0
BRDA:200,30,1,0
BRDA:209,31,0,0
BRDA:209,31,1,0
BRDA:209,32,0,0
BRDA:209,32,1,0
BRDA:211,33,0,0
BRDA:211,33,1,0
BRDA:214,34,0,0
BRDA:214,34,1,0
BRDA:221,35,0,0
BRDA:221,35,1,0
BRDA:232,36,0,0
BRDA:232,36,1,0
BRDA:232,37,0,0
BRDA:232,37,1,0
BRDA:238,38,0,0
BRDA:238,38,1,0
BRDA:239,39,0,0
BRDA:239,39,1,0
BRDA:244,40,0,0
BRDA:244,40,1,0
BRDA:251,41,0,0
BRDA:251,41,1,0
BRDA:266,42,0,0
BRDA:266,42,1,0
BRDA:267,43,0,0
BRDA:267,43,1,0
BRDA:270,44,0,0
BRDA:270,44,1,0
BRDA:271,45,0,0
BRDA:271,45,1,0
BRDA:274,46,0,0
BRDA:274,46,1,0
BRDA:275,47,0,0
BRDA:275,47,1,0
BRDA:278,48,0,0
BRDA:278,48,1,0
BRDA:289,49,0,0
BRDA:289,49,1,0
BRDA:292,50,0,0
BRDA:292,50,1,0
BRDA:296,51,0,0
BRDA:296,51,1,0
BRDA:312,52,0,0
BRDA:312,52,1,0
BRDA:315,53,0,0
BRDA:315,53,1,0
BRDA:315,54,0,0
BRDA:315,54,1,0
BRDA:318,55,0,0
BRDA:318,55,1,0
BRDA:318,56,0,0
BRDA:318,56,1,0
BRDA:321,57,0,0
BRDA:321,57,1,0
BRDA:326,58,0,0
BRDA:326,58,1,0
BRDA:327,59,0,0
BRDA:327,59,1,0
BRDA:327,60,0,0
BRDA:327,60,1,0
BRDA:340,61,0,0
BRDA:340,61,1,0
BRDA:341,62,0,0
BRDA:341,62,1,0
BRDA:357,63,0,0
BRDA:357,63,1,0
BRDA:371,64,0,0
BRDA:371,64,1,0
BRDA:376,65,0,0
BRDA:376,65,1,0
BRDA:378,66,0,0
BRDA:378,66,1,0
BRDA:383,67,0,0
BRDA:383,67,1,0
BRDA:388,68,0,0
BRDA:388,68,1,0
BRDA:402,69,0,0
BRDA:402,69,1,0
BRDA:407,70,0,0
BRDA:407,70,1,0
BRDA:408,71,0,0
BRDA:408,71,1,0
BRDA:409,72,0,0
BRDA:409,72,1,0
BRDA:419,73,0,0
BRDA:419,73,1,0
BRDA:423,74,0,0
BRDA:423,74,1,0
BRDA:426,75,0,0
BRDA:426,75,1,0
BRDA:427,76,0,0
BRDA:427,76,1,0
BRDA:429,77,0,0
BRDA:429,77,1,0
BRDA:429,78,0,0
BRDA:429,78,1,0
BRDA:429,78,2,0
BRDA:429,78,3,0
BRDA:429,78,4,0
BRDA:434,79,0,0
BRDA:434,79,1,0
BRDA:438,80,0,0
BRDA:438,80,1,0
BRDA:452,81,0,0
BRDA:452,81,1,0
BRDA:469,82,0,0
BRDA:469,82,1,0
BRDA:478,83,0,0
BRDA:478,83,1,0
BRDA:482,84,0,0
BRDA:482,84,1,0
BRDA:490,85,0,0
BRDA:490,85,1,0
BRDA:490,86,0,0
BRDA:490,86,1,0
BRDA:507,87,0,0
BRDA:507,87,1,0
BRF:183
BRH:3
end_of_record
TN:
SF:/Users/kristianmandrup/repos/tecla5/red-ui/packages/red-shared/src/ui/notifications.ts
FN:20,(anonymous_0)
FN:25,(anonymous_1)
FN:55,(anonymous_2)
FN:57,(anonymous_3)
FN:59,(anonymous_4)
FN:64,(anonymous_5)
FN:66,(anonymous_6)
FN:83,(anonymous_7)
FN:86,(anonymous_8)
FNF:9
FNH:0
FNDA:0,(anonymous_0)
FNDA:0,(anonymous_1)
FNDA:0,(anonymous_2)
FNDA:0,(anonymous_3)
FNDA:0,(anonymous_4)
FNDA:0,(anonymous_5)
FNDA:0,(anonymous_6)
FNDA:0,(anonymous_7)
FNDA:0,(anonymous_8)
DA:2,1
DA:18,1
DA:21,0
DA:22,0
DA:23,0
DA:26,0
DA:27,0
DA:28,0
DA:29,0
DA:30,0
DA:31,0
DA:32,0
DA:33,0
DA:34,0
DA:35,0
DA:39,0
DA:40,0
DA:41,0
DA:42,0
DA:43,0
DA:44,0
DA:46,0
DA:47,0
DA:48,0
DA:51,0
DA:53,0
DA:54,0
DA:55,0
DA:56,0
DA:57,0
DA:58,0
DA:59,0
DA:60,0
DA:64,0
DA:65,0
DA:66,0
DA:67,0
DA:68,0
DA:71,0
DA:73,0
DA:74,0
DA:75,0
DA:78,0
DA:82,0
DA:83,0
DA:84,0
DA:85,0
DA:86,0
DA:87,0
DA:88,0
DA:91,0
DA:93,0
DA:95,0
DA:96,0
DA:99,1
LF:55
LH:3
BRDA:28,0,0,0
BRDA:28,0,1,0
BRDA:30,1,0,0
BRDA:30,1,1,0
BRDA:32,2,0,0
BRDA:32,2,1,0
BRDA:43,3,0,0
BRDA:43,3,1,0
BRDA:47,4,0,0
BRDA:47,4,1,0
BRDA:67,5,0,0
BRDA:67,5,1,0
BRDA:73,6,0,0
BRDA:73,6,1,0
BRDA:73,7,0,0
BRDA:73,7,1,0
BRDA:82,8,0,0
BRDA:82,8,1,0
BRDA:91,9,0,0
BRDA:91,9,1,0
BRF:20
BRH:0
end_of_record
TN:
SF:/Users/kristianmandrup/repos/tecla5/red-ui/packages/red-shared/src/ui/state.ts
FNF:0
FNH:0
DA:2,1
DA:18,1
LF:2
LH:2
BRF:0
BRH:0
end_of_record
TN:
SF:/Users/kristianmandrup/repos/tecla5/red-ui/packages/red-shared/src/ui/utils.ts
FN:28,(anonymous_0)
FN:33,(anonymous_1)
FN:36,(anonymous_2)
FN:39,(anonymous_3)
FN:74,(anonymous_4)
FN:76,(anonymous_5)
FN:77,(anonymous_6)
FN:98,(anonymous_7)
FN:127,(anonymous_8)
FN:137,(anonymous_9)
FN:143,(anonymous_10)
FN:150,(anonymous_11)
FN:168,(anonymous_12)
FN:192,(anonymous_13)
FN:233,(anonymous_14)
FN:255,(anonymous_15)
FN:290,(anonymous_16)
FN:317,(anonymous_17)
FN:343,(anonymous_18)
FN:347,(anonymous_19)
FN:360,(anonymous_20)
FN:419,(anonymous_21)
FN:435,(anonymous_22)
FN:465,(anonymous_23)
FN:469,(anonymous_24)
FN:485,(anonymous_25)
FN:485,(anonymous_26)
FN:494,(anonymous_27)
FN:504,(anonymous_28)
FN:534,(anonymous_29)
FN:566,(anonymous_30)
FN:567,(anonymous_31)
FN:593,(anonymous_32)
FN:702,(anonymous_33)
FN:714,(anonymous_34)
FN:730,(anonymous_35)
FN:739,(anonymous_36)
FN:767,(anonymous_37)
FNF:38
FNH:0
FNDA:0,(anonymous_0)
FNDA:0,(anonymous_1)
FNDA:0,(anonymous_2)
FNDA:0,(anonymous_3)
FNDA:0,(anonymous_4)
FNDA:0,(anonymous_5)
FNDA:0,(anonymous_6)
FNDA:0,(anonymous_7)
FNDA:0,(anonymous_8)
FNDA:0,(anonymous_9)
FNDA:0,(anonymous_10)
FNDA:0,(anonymous_11)
FNDA:0,(anonymous_12)
FNDA:0,(anonymous_13)
FNDA:0,(anonymous_14)
FNDA:0,(anonymous_15)
FNDA:0,(anonymous_16)
FNDA:0,(anonymous_17)
FNDA:0,(anonymous_18)
FNDA:0,(anonymous_19)
FNDA:0,(anonymous_20)
FNDA:0,(anonymous_21)
FNDA:0,(anonymous_22)
FNDA:0,(anonymous_23)
FNDA:0,(anonymous_24)
FNDA:0,(anonymous_25)
FNDA:0,(anonymous_26)
FNDA:0,(anonymous_27)
FNDA:0,(anonymous_28)
FNDA:0,(anonymous_29)
FNDA:0,(anonymous_30)
FNDA:0,(anonymous_31)
FNDA:0,(anonymous_32)
FNDA:0,(anonymous_33)
FNDA:0,(anonymous_34)
FNDA:0,(anonymous_35)
FNDA:0,(anonymous_36)
FNDA:0,(anonymous_37)
DA:17,1
DA:18,1
DA:27,1
DA:29,0
DA:30,0
DA:31,0
DA:34,0
DA:37,0
DA:40,0
DA:42,0
DA:43,0
DA:45,0
DA:46,0
DA:48,0
DA:49,0
DA:50,0
DA:52,0
DA:53,0
DA:56,0
DA:59,0
DA:61,0
DA:62,0
DA:65,0
DA:67,0
DA:70,0
DA:72,0
DA:75,0
DA:76,0
DA:77,0
DA:78,0
DA:79,0
DA:80,0
DA:81,0
DA:82,0
DA:83,0
DA:85,0
DA:86,0
DA:90,0
DA:91,0
DA:92,0
DA:95,0
DA:98,0
DA:99,0
DA:100,0
DA:101,0
DA:102,0
DA:103,0
DA:121,0
DA:123,0
DA:124,0
DA:128,0
DA:131,0
DA:132,0
DA:134,0
DA:135,0
DA:136,0
DA:137,0
DA:138,0
DA:139,0
DA:140,0
DA:143,0
DA:144,0
DA:145,0
DA:146,0
DA:148,0
DA:149,0
DA:150,0
DA:151,0
DA:152,0
DA:153,0
DA:154,0
DA:155,0
DA:156,0
DA:159,0
DA:160,0
DA:161,0
DA:162,0
DA:165,0
DA:169,0
DA:170,0
DA:171,0
DA:173,0
DA:174,0
DA:175,0
DA:176,0
DA:177,0
DA:178,0
DA:179,0
DA:180,0
DA:181,0
DA:185,0
DA:190,0
DA:193,0
DA:194,0
DA:195,0
DA:196,0
DA:197,0
DA:198,0
DA:200,0
DA:201,0
DA:204,0
DA:207,0
DA:208,0
DA:211,0
DA:213,0
DA:214,0
DA:216,0
DA:217,0
DA:218,0
DA:220,0
DA:221,0
DA:223,0
DA:224,0
DA:226,0
DA:227,0
DA:229,0
DA:230,0
DA:234,0
DA:235,0
DA:236,0
DA:237,0
DA:238,0
DA:241,0
DA:243,0
DA:244,0
DA:246,0
DA:247,0
DA:248,0
DA:250,0
DA:251,0
DA:252,0
DA:256,0
DA:267,0
DA:268,0
DA:269,0
DA:270,0
DA:271,0
DA:272,0
DA:273,0
DA:274,0
DA:275,0
DA:276,0
DA:277,0
DA:286,0
DA:287,0
DA:289,0
DA:290,0
DA:291,0
DA:293,0
DA:294,0
DA:295,0
DA:297,0
DA:298,0
DA:299,0
DA:300,0
DA:301,0
DA:302,0
DA:303,0
DA:304,0
DA:305,0
DA:306,0
DA:307,0
DA:308,0
DA:315,0
DA:317,0
DA:318,0
DA:319,0
DA:324,0
DA:325,0
DA:326,0
DA:329,0
DA:330,0
DA:331,0
DA:332,0
DA:333,0
DA:334,0
DA:336,0
DA:337,0
DA:339,0
DA:340,0
DA:341,0
DA:342,0
DA:343,0
DA:344,0
DA:345,0
DA:346,0
DA:347,0
DA:348,0
DA:351,0
DA:352,0
DA:353,0
DA:356,0
DA:357,0
DA:358,0
DA:359,0
DA:360,0
DA:361,0
DA:362,0
DA:365,0
DA:367,0
DA:368,0
DA:369,0
DA:370,0
DA:371,0
DA:372,0
DA:373,0
DA:376,0
DA:377,0
DA:378,0
DA:379,0
DA:380,0
DA:381,0
DA:383,0
DA:384,0
DA:386,0
DA:388,0
DA:389,0
DA:391,0
DA:392,0
DA:393,0
DA:394,0
DA:395,0
DA:397,0
DA:398,0
DA:401,0
DA:402,0
DA:403,0
DA:404,0
DA:405,0
DA:406,0
DA:407,0
DA:410,0
DA:411,0
DA:413,0
DA:414,0
DA:416,0
DA:418,0
DA:419,0
DA:420,0
DA:421,0
DA:423,0
DA:424,0
DA:425,0
DA:426,0
DA:427,0
DA:428,0
DA:431,0
DA:433,0
DA:434,0
DA:435,0
DA:436,0
DA:437,0
DA:438,0
DA:440,0
DA:443,0
DA:444,0
DA:445,0
DA:446,0
DA:460,0
DA:461,0
DA:462,0
DA:463,0
DA:464,0
DA:465,0
DA:466,0
DA:467,0
DA:468,0
DA:469,0
DA:470,0
DA:471,0
DA:472,0
DA:485,0
DA:486,0
DA:488,0
DA:490,0
DA:491,0
DA:494,0
DA:495,0
DA:499,0
DA:500,0
DA:501,0
DA:502,0
DA:503,0
DA:504,0
DA:505,0
DA:506,0
DA:508,0
DA:509,0
DA:510,0
DA:511,0
DA:512,0
DA:513,0
DA:516,0
DA:519,0
DA:531,0
DA:532,0
DA:534,0
DA:535,0
DA:538,0
DA:539,0
DA:542,0
DA:543,0
DA:544,0
DA:545,0
DA:546,0
DA:547,0
DA:548,0
DA:549,0
DA:550,0
DA:553,0
DA:554,0
DA:556,0
DA:557,0
DA:559,0
DA:563,0
DA:565,0
DA:566,0
DA:567,0
DA:568,0
DA:569,0
DA:570,0
DA:573,0
DA:574,0
DA:577,0
DA:578,0
DA:579,0
DA:580,0
DA:581,0
DA:583,0
DA:591,0
DA:596,0
DA:597,0
DA:598,0
DA:600,0
DA:601,0
DA:602,0
DA:603,0
DA:606,0
DA:607,0
DA:608,0
DA:609,0
DA:610,0
DA:611,0
DA:613,0
DA:614,0
DA:615,0
DA:617,0
DA:618,0
DA:619,0
DA:621,0
DA:622,0
DA:623,0
DA:624,0
DA:627,0
DA:630,0
DA:631,0
DA:634,0
DA:635,0
DA:637,0
DA:639,0
DA:640,0
DA:641,0
DA:643,0
DA:644,0
DA:646,0
DA:647,0
DA:650,0
DA:651,0
DA:653,0
DA:654,0
DA:656,0
DA:657,0
DA:658,0
DA:660,0
DA:661,0
DA:662,0
DA:663,0
DA:666,0
DA:669,0
DA:670,0
DA:672,0
DA:673,0
DA:677,0
DA:678,0
DA:679,0
DA:681,0
DA:683,0
DA:684,0
DA:686,0
DA:687,0
DA:689,0
DA:690,0
DA:694,0
DA:695,0
DA:697,0
DA:698,0
DA:700,0
DA:703,0
DA:706,0
DA:707,0
DA:708,0
DA:711,0
DA:715,0
DA:718,0
DA:720,0
DA:721,0
DA:722,0
DA:724,0
DA:727,0
DA:730,0
DA:731,0
DA:732,0
DA:733,0
DA:735,0
DA:737,0
DA:740,0
DA:741,0
DA:743,0
DA:744,0
DA:746,0
DA:747,0
DA:749,0
DA:750,0
DA:753,0
DA:754,0
DA:755,0
DA:758,0
DA:759,0
DA:763,0
DA:765,0
DA:768,0
DA:769,0
DA:771,0
DA:772,0
DA:775,0
DA:776,0
DA:777,0
DA:780,0
DA:781,0
DA:784,0
LF:440
LH:3
BRDA:42,0,0,0
BRDA:42,0,1,0
BRDA:45,1,0,0
BRDA:45,1,1,0
BRDA:48,2,0,0
BRDA:48,2,1,0
BRDA:49,3,0,0
BRDA:49,3,1,0
BRDA:49,4,0,0
BRDA:49,4,1,0
BRDA:49,4,2,0
BRDA:52,5,0,0
BRDA:52,5,1,0
BRDA:52,6,0,0
BRDA:52,6,1,0
BRDA:52,6,2,0
BRDA:59,7,0,0
BRDA:59,7,1,0
BRDA:61,8,0,0
BRDA:61,8,1,0
BRDA:79,9,0,0
BRDA:79,9,1,0
BRDA:80,10,0,0
BRDA:80,10,1,0
BRDA:81,11,0,0
BRDA:81,11,1,0
BRDA:81,12,0,0
BRDA:81,12,1,0
BRDA:90,13,0,0
BRDA:90,13,1,0
BRDA:101,14,0,0
BRDA:101,14,1,0
BRDA:102,15,0,0
BRDA:102,15,1,0
BRDA:123,16,0,0
BRDA:123,16,1,0
BRDA:131,17,0,0
BRDA:131,17,1,0
BRDA:136,18,0,0
BRDA:136,18,1,0
BRDA:148,19,0,0
BRDA:148,19,1,0
BRDA:153,20,0,0
BRDA:153,20,1,0
BRDA:159,21,0,0
BRDA:159,21,1,0
BRDA:169,22,0,0
BRDA:169,22,1,0
BRDA:169,23,0,0
BRDA:169,23,1,0
BRDA:170,24,0,0
BRDA:170,24,1,0
BRDA:170,25,0,0
BRDA:170,25,1,0
BRDA:175,26,0,0
BRDA:175,26,1,0
BRDA:175,27,0,0
BRDA:175,27,1,0
BRDA:175,27,2,0
BRDA:176,28,0,0
BRDA:176,28,1,0
BRDA:176,29,0,0
BRDA:176,29,1,0
BRDA:179,30,0,0
BRDA:179,30,1,0
BRDA:181,31,0,0
BRDA:181,31,1,0
BRDA:194,32,0,0
BRDA:194,32,1,0
BRDA:194,32,2,0
BRDA:194,32,3,0
BRDA:195,33,0,0
BRDA:195,33,1,0
BRDA:196,34,0,0
BRDA:196,34,1,0
BRDA:197,35,0,0
BRDA:197,35,1,0
BRDA:197,36,0,0
BRDA:197,36,1,0
BRDA:200,37,0,0
BRDA:200,37,1,0
BRDA:200,38,0,0
BRDA:200,38,1,0
BRDA:207,39,0,0
BRDA:207,39,1,0
BRDA:207,40,0,0
BRDA:207,40,1,0
BRDA:213,41,0,0
BRDA:213,41,1,0
BRDA:216,42,0,0
BRDA:216,42,1,0
BRDA:217,43,0,0
BRDA:217,43,1,0
BRDA:220,44,0,0
BRDA:220,44,1,0
BRDA:223,45,0,0
BRDA:223,45,1,0
BRDA:226,46,0,0
BRDA:226,46,1,0
BRDA:229,47,0,0
BRDA:229,47,1,0
BRDA:235,48,0,0
BRDA:235,48,1,0
BRDA:235,48,2,0
BRDA:236,49,0,0
BRDA:236,49,1,0
BRDA:237,50,0,0
BRDA:237,50,1,0
BRDA:243,51,0,0
BRDA:243,51,1,0
BRDA:246,52,0,0
BRDA:246,52,1,0
BRDA:250,53,0,0
BRDA:250,53,1,0
BRDA:267,54,0,0
BRDA:267,54,1,0
BRDA:286,55,0,0
BRDA:286,55,1,0
BRDA:286,56,0,0
BRDA:286,56,1,0
BRDA:287,57,0,0
BRDA:287,57,1,0
BRDA:294,58,0,0
BRDA:294,58,1,0
BRDA:297,59,0,0
BRDA:297,59,1,0
BRDA:299,60,0,0
BRDA:299,60,1,0
BRDA:302,61,0,0
BRDA:302,61,1,0
BRDA:304,62,0,0
BRDA:304,62,1,0
BRDA:307,63,0,0
BRDA:307,63,1,0
BRDA:324,64,0,0
BRDA:324,64,1,0
BRDA:332,65,0,0
BRDA:332,65,1,0
BRDA:332,66,0,0
BRDA:332,66,1,0
BRDA:332,66,2,0
BRDA:332,66,3,0
BRDA:332,66,4,0
BRDA:332,66,5,0
BRDA:332,66,6,0
BRDA:336,67,0,0
BRDA:336,67,1,0
BRDA:336,68,0,0
BRDA:336,68,1,0
BRDA:339,69,0,0
BRDA:339,69,1,0
BRDA:340,70,0,0
BRDA:340,70,1,0
BRDA:344,71,0,0
BRDA:344,71,1,0
BRDA:347,72,0,0
BRDA:347,72,1,0
BRDA:352,73,0,0
BRDA:352,73,1,0
BRDA:356,74,0,0
BRDA:356,74,1,0
BRDA:358,75,0,0
BRDA:358,75,1,0
BRDA:358,76,0,0
BRDA:358,76,1,0
BRDA:365,77,0,0
BRDA:365,77,1,0
BRDA:367,78,0,0
BRDA:367,78,1,0
BRDA:370,79,0,0
BRDA:370,79,1,0
BRDA:372,80,0,0
BRDA:372,80,1,0
BRDA:378,81,0,0
BRDA:378,81,1,0
BRDA:380,82,0,0
BRDA:380,82,1,0
BRDA:383,83,0,0
BRDA:383,83,1,0
BRDA:388,84,0,0
BRDA:388,84,1,0
BRDA:392,85,0,0
BRDA:392,85,1,0
BRDA:397,86,0,0
BRDA:397,86,1,0
BRDA:398,87,0,0
BRDA:398,87,1,0
BRDA:406,88,0,0
BRDA:406,88,1,0
BRDA:410,89,0,0
BRDA:410,89,1,0
BRDA:413,90,0,0
BRDA:413,90,1,0
BRDA:418,91,0,0
BRDA:418,91,1,0
BRDA:420,92,0,0
BRDA:420,92,1,0
BRDA:421,93,0,0
BRDA:421,93,1,0
BRDA:423,94,0,0
BRDA:423,94,1,0
BRDA:443,95,0,0
BRDA:443,95,1,0
BRDA:448,96,0,0
BRDA:448,96,1,0
BRDA:474,97,0,0
BRDA:474,97,1,0
BRDA:485,98,0,0
BRDA:485,98,1,0
BRDA:490,99,0,0
BRDA:490,99,1,0
BRDA:494,100,0,0
BRDA:494,100,1,0
BRDA:499,101,0,0
BRDA:499,101,1,0
BRDA:502,102,0,0
BRDA:502,102,1,0
BRDA:502,103,0,0
BRDA:502,103,1,0
BRDA:505,104,0,0
BRDA:505,104,1,0
BRDA:511,105,0,0
BRDA:511,105,1,0
BRDA:512,106,0,0
BRDA:512,106,1,0
BRDA:513,107,0,0
BRDA:513,107,1,0
BRDA:531,108,0,0
BRDA:531,108,1,0
BRDA:534,109,0,0
BRDA:534,109,1,0
BRDA:538,110,0,0
BRDA:538,110,1,0
BRDA:549,111,0,0
BRDA:549,111,1,0
BRDA:553,112,0,0
BRDA:553,112,1,0
BRDA:556,113,0,0
BRDA:556,113,1,0
BRDA:565,114,0,0
BRDA:565,114,1,0
BRDA:568,115,0,0
BRDA:568,115,1,0
BRDA:569,116,0,0
BRDA:569,116,1,0
BRDA:573,117,0,0
BRDA:573,117,1,0
BRDA:573,118,0,0
BRDA:573,118,1,0
BRDA:578,119,0,0
BRDA:578,119,1,0
BRDA:579,120,0,0
BRDA:579,120,1,0
BRDA:580,121,0,0
BRDA:580,121,1,0
BRDA:597,122,0,0
BRDA:597,122,1,0
BRDA:608,123,0,0
BRDA:608,123,1,0
BRDA:609,124,0,0
BRDA:609,124,1,0
BRDA:609,125,0,0
BRDA:609,125,1,0
BRDA:610,126,0,0
BRDA:610,126,1,0
BRDA:617,127,0,0
BRDA:617,127,1,0
BRDA:618,128,0,0
BRDA:618,128,1,0
BRDA:621,129,0,0
BRDA:621,129,1,0
BRDA:623,130,0,0
BRDA:623,130,1,0
BRDA:630,131,0,0
BRDA:630,131,1,0
BRDA:634,132,0,0
BRDA:634,132,1,0
BRDA:639,133,0,0
BRDA:639,133,1,0
BRDA:640,134,0,0
BRDA:640,134,1,0
BRDA:643,135,0,0
BRDA:643,135,1,0
BRDA:646,136,0,0
BRDA:646,136,1,0
BRDA:650,137,0,0
BRDA:650,137,1,0
BRDA:656,138,0,0
BRDA:656,138,1,0
BRDA:657,139,0,0
BRDA:657,139,1,0
BRDA:660,140,0,0
BRDA:660,140,1,0
BRDA:662,141,0,0
BRDA:662,141,1,0
BRDA:672,142,0,0
BRDA:672,142,1,0
BRDA:677,143,0,0
BRDA:677,143,1,0
BRDA:678,144,0,0
BRDA:678,144,1,0
BRDA:683,145,0,0
BRDA:683,145,1,0
BRDA:683,146,0,0
BRDA:683,146,1,0
BRDA:686,147,0,0
BRDA:686,147,1,0
BRDA:686,148,0,0
BRDA:686,148,1,0
BRDA:686,148,2,0
BRDA:694,149,0,0
BRDA:694,149,1,0
BRDA:694,150,0,0
BRDA:694,150,1,0
BRDA:697,151,0,0
BRDA:697,151,1,0
BRDA:720,152,0,0
BRDA:720,152,1,0
BRDA:721,153,0,0
BRDA:721,153,1,0
BRDA:731,154,0,0
BRDA:731,154,1,0
BRDA:732,155,0,0
BRDA:732,155,1,0
BRDA:732,156,0,0
BRDA:732,156,1,0
BRDA:732,156,2,0
BRDA:732,156,3,0
BRDA:733,157,0,0
BRDA:733,157,1,0
BRDA:740,158,0,0
BRDA:740,158,1,0
BRDA:743,159,0,0
BRDA:743,159,1,0
BRDA:743,160,0,0
BRDA:743,160,1,0
BRDA:746,161,0,0
BRDA:746,161,1,0
BRDA:746,162,0,0
BRDA:746,162,1,0
BRDA:749,163,0,0
BRDA:749,163,1,0
BRDA:749,164,0,0
BRDA:749,164,1,0
BRDA:753,165,0,0
BRDA:753,165,1,0
BRDA:769,166,0,0
BRDA:769,166,1,0
BRDA:771,167,0,0
BRDA:771,167,1,0
BRDA:772,168,0,0
BRDA:772,168,1,0
BRDA:777,169,0,0
BRDA:777,169,1,0
BRDA:777,170,0,0
BRDA:777,170,1,0
BRF:356
BRH:0
end_of_record
